{"/home/travis/build/npmtest/node-npmtest-bell.js/test.js":{"path":"/home/travis/build/npmtest/node-npmtest-bell.js/test.js","s":{"1":2,"2":2,"3":2,"4":2,"5":2,"6":2,"7":2,"8":1,"9":2,"10":2,"11":1,"12":1,"13":1,"14":1,"15":2,"16":2,"17":2,"18":2,"19":1,"20":1,"21":2,"22":2,"23":2,"24":1,"25":1,"26":1,"27":1,"28":1,"29":1,"30":1,"31":1,"32":1,"33":1,"34":1,"35":1,"36":1,"37":1,"38":1,"39":2,"40":2,"41":1,"42":2,"43":2,"44":1,"45":2,"46":2,"47":1,"48":2,"49":2,"50":1,"51":1,"52":1,"53":1,"54":1},"b":{"1":[2,1,1,1],"2":[1,1,1,1],"3":[1,1],"4":[1,1],"5":[1,1],"6":[1,1],"7":[1,1],"8":[1,1],"9":[1,1],"10":[1,1,1],"11":[1,1],"12":[1,1],"13":[1,1],"14":[1,1],"15":[1,1],"16":[1,1],"17":[1,1]},"f":{"1":2,"2":2,"3":2,"4":2,"5":2,"6":1,"7":1,"8":1,"9":2,"10":2,"11":2,"12":2,"13":1},"fnMap":{"1":{"name":"(anonymous_1)","line":12,"loc":{"start":{"line":12,"column":1},"end":{"line":12,"column":13}}},"2":{"name":"(anonymous_2)","line":19,"loc":{"start":{"line":19,"column":5},"end":{"line":19,"column":17}}},"3":{"name":"(anonymous_3)","line":23,"loc":{"start":{"line":23,"column":24},"end":{"line":23,"column":36}}},"4":{"name":"(anonymous_4)","line":61,"loc":{"start":{"line":61,"column":5},"end":{"line":61,"column":17}}},"5":{"name":"(anonymous_5)","line":82,"loc":{"start":{"line":82,"column":5},"end":{"line":82,"column":17}}},"6":{"name":"(anonymous_6)","line":91,"loc":{"start":{"line":91,"column":77},"end":{"line":94,"column":10}}},"7":{"name":"(anonymous_7)","line":112,"loc":{"start":{"line":112,"column":83},"end":{"line":115,"column":10}},"skip":true},"8":{"name":"(anonymous_8)","line":123,"loc":{"start":{"line":123,"column":77},"end":{"line":126,"column":10}},"skip":true},"9":{"name":"(anonymous_9)","line":139,"loc":{"start":{"line":139,"column":12},"end":{"line":139,"column":40}},"skip":true},"10":{"name":"(anonymous_10)","line":147,"loc":{"start":{"line":147,"column":77},"end":{"line":150,"column":10}},"skip":true},"11":{"name":"(anonymous_11)","line":158,"loc":{"start":{"line":158,"column":83},"end":{"line":161,"column":10}},"skip":true},"12":{"name":"(anonymous_12)","line":169,"loc":{"start":{"line":169,"column":79},"end":{"line":172,"column":10}},"skip":true},"13":{"name":"(anonymous_13)","line":180,"loc":{"start":{"line":180,"column":75},"end":{"line":183,"column":10}},"skip":true}},"statementMap":{"1":{"start":{"line":12,"column":0},"end":{"line":195,"column":5}},"2":{"start":{"line":14,"column":4},"end":{"line":14,"column":14}},"3":{"start":{"line":19,"column":4},"end":{"line":56,"column":9}},"4":{"start":{"line":21,"column":8},"end":{"line":21,"column":19}},"5":{"start":{"line":23,"column":8},"end":{"line":35,"column":13}},"6":{"start":{"line":24,"column":12},"end":{"line":34,"column":13}},"7":{"start":{"line":25,"column":16},"end":{"line":28,"column":30}},"8":{"start":{"line":30,"column":16},"end":{"line":33,"column":27}},"9":{"start":{"line":37,"column":8},"end":{"line":39,"column":21}},"10":{"start":{"line":40,"column":8},"end":{"line":53,"column":9}},"11":{"start":{"line":43,"column":12},"end":{"line":46,"column":14}},"12":{"start":{"line":47,"column":12},"end":{"line":47,"column":18}},"13":{"start":{"line":50,"column":12},"end":{"line":51,"column":33}},"14":{"start":{"line":52,"column":12},"end":{"line":52,"column":18}},"15":{"start":{"line":55,"column":8},"end":{"line":55,"column":35}},"16":{"start":{"line":61,"column":4},"end":{"line":63,"column":9}},"17":{"start":{"line":62,"column":8},"end":{"line":62,"column":15}},"18":{"start":{"line":64,"column":4},"end":{"line":77,"column":5}},"19":{"start":{"line":70,"column":8},"end":{"line":70,"column":14}},"20":{"start":{"line":76,"column":8},"end":{"line":76,"column":14}},"21":{"start":{"line":82,"column":4},"end":{"line":84,"column":9}},"22":{"start":{"line":83,"column":8},"end":{"line":83,"column":15}},"23":{"start":{"line":85,"column":4},"end":{"line":194,"column":5}},"24":{"start":{"line":91,"column":8},"end":{"line":99,"column":10}},"25":{"start":{"line":98,"column":12},"end":{"line":98,"column":35}},"26":{"start":{"line":102,"column":8},"end":{"line":104,"column":63}},"27":{"start":{"line":105,"column":8},"end":{"line":105,"column":14}},"28":{"start":{"line":112,"column":8},"end":{"line":121,"column":10},"skip":true},"29":{"start":{"line":119,"column":12},"end":{"line":119,"column":55},"skip":true},"30":{"start":{"line":120,"column":12},"end":{"line":120,"column":48},"skip":true},"31":{"start":{"line":123,"column":8},"end":{"line":136,"column":10},"skip":true},"32":{"start":{"line":130,"column":12},"end":{"line":130,"column":76},"skip":true},"33":{"start":{"line":131,"column":12},"end":{"line":131,"column":73},"skip":true},"34":{"start":{"line":132,"column":12},"end":{"line":132,"column":74},"skip":true},"35":{"start":{"line":133,"column":12},"end":{"line":133,"column":79},"skip":true},"36":{"start":{"line":134,"column":12},"end":{"line":134,"column":25},"skip":true},"37":{"start":{"line":135,"column":12},"end":{"line":135,"column":45},"skip":true},"38":{"start":{"line":138,"column":8},"end":{"line":145,"column":14},"skip":true},"39":{"start":{"line":143,"column":16},"end":{"line":143,"column":29},"skip":true},"40":{"start":{"line":144,"column":16},"end":{"line":144,"column":55},"skip":true},"41":{"start":{"line":147,"column":8},"end":{"line":156,"column":10},"skip":true},"42":{"start":{"line":154,"column":12},"end":{"line":154,"column":25},"skip":true},"43":{"start":{"line":155,"column":12},"end":{"line":155,"column":45},"skip":true},"44":{"start":{"line":158,"column":8},"end":{"line":167,"column":10},"skip":true},"45":{"start":{"line":165,"column":12},"end":{"line":165,"column":25},"skip":true},"46":{"start":{"line":166,"column":12},"end":{"line":166,"column":48},"skip":true},"47":{"start":{"line":169,"column":8},"end":{"line":178,"column":10},"skip":true},"48":{"start":{"line":176,"column":12},"end":{"line":176,"column":25},"skip":true},"49":{"start":{"line":177,"column":12},"end":{"line":177,"column":46},"skip":true},"50":{"start":{"line":180,"column":8},"end":{"line":189,"column":10},"skip":true},"51":{"start":{"line":187,"column":12},"end":{"line":187,"column":94},"skip":true},"52":{"start":{"line":188,"column":12},"end":{"line":188,"column":48},"skip":true},"53":{"start":{"line":192,"column":8},"end":{"line":192,"column":35},"skip":true},"54":{"start":{"line":193,"column":8},"end":{"line":193,"column":14},"skip":true}},"branchMap":{"1":{"line":25,"type":"binary-expr","locations":[{"start":{"line":25,"column":23},"end":{"line":25,"column":62}},{"start":{"line":26,"column":20},"end":{"line":26,"column":70}},{"start":{"line":27,"column":20},"end":{"line":27,"column":71}},{"start":{"line":28,"column":20},"end":{"line":28,"column":29}}]},"2":{"line":30,"type":"binary-expr","locations":[{"start":{"line":30,"column":23},"end":{"line":30,"column":37}},{"start":{"line":31,"column":20},"end":{"line":31,"column":61}},{"start":{"line":32,"column":20},"end":{"line":32,"column":70}},{"start":{"line":33,"column":20},"end":{"line":33,"column":26}}]},"3":{"line":37,"type":"cond-expr","locations":[{"start":{"line":38,"column":14},"end":{"line":38,"column":20}},{"start":{"line":39,"column":14},"end":{"line":39,"column":20}}]},"4":{"line":40,"type":"switch","locations":[{"start":{"line":42,"column":8},"end":{"line":47,"column":18}},{"start":{"line":49,"column":8},"end":{"line":52,"column":18}}]},"5":{"line":44,"type":"binary-expr","locations":[{"start":{"line":44,"column":16},"end":{"line":44,"column":44}},{"start":{"line":44,"column":48},"end":{"line":44,"column":66}}]},"6":{"line":50,"type":"binary-expr","locations":[{"start":{"line":50,"column":21},"end":{"line":50,"column":49}},{"start":{"line":50,"column":53},"end":{"line":50,"column":72}}]},"7":{"line":64,"type":"switch","locations":[{"start":{"line":69,"column":4},"end":{"line":70,"column":14}},{"start":{"line":75,"column":4},"end":{"line":76,"column":14}}]},"8":{"line":85,"type":"switch","locations":[{"start":{"line":90,"column":4},"end":{"line":105,"column":14}},{"start":{"line":111,"column":4},"end":{"line":193,"column":14},"skip":true}]},"9":{"line":91,"type":"binary-expr","locations":[{"start":{"line":91,"column":42},"end":{"line":91,"column":73}},{"start":{"line":91,"column":77},"end":{"line":99,"column":9}}]},"10":{"line":102,"type":"binary-expr","locations":[{"start":{"line":102,"column":18},"end":{"line":102,"column":32}},{"start":{"line":103,"column":12},"end":{"line":103,"column":53}},{"start":{"line":104,"column":12},"end":{"line":104,"column":61}}]},"11":{"line":112,"type":"binary-expr","locations":[{"start":{"line":112,"column":45},"end":{"line":112,"column":79},"skip":true},{"start":{"line":112,"column":83},"end":{"line":121,"column":9},"skip":true}]},"12":{"line":123,"type":"binary-expr","locations":[{"start":{"line":123,"column":42},"end":{"line":123,"column":73},"skip":true},{"start":{"line":123,"column":77},"end":{"line":136,"column":9},"skip":true}]},"13":{"line":138,"type":"binary-expr","locations":[{"start":{"line":138,"column":48},"end":{"line":138,"column":85},"skip":true},{"start":{"line":139,"column":12},"end":{"line":145,"column":13},"skip":true}]},"14":{"line":147,"type":"binary-expr","locations":[{"start":{"line":147,"column":42},"end":{"line":147,"column":73},"skip":true},{"start":{"line":147,"column":77},"end":{"line":156,"column":9},"skip":true}]},"15":{"line":158,"type":"binary-expr","locations":[{"start":{"line":158,"column":45},"end":{"line":158,"column":79},"skip":true},{"start":{"line":158,"column":83},"end":{"line":167,"column":9},"skip":true}]},"16":{"line":169,"type":"binary-expr","locations":[{"start":{"line":169,"column":43},"end":{"line":169,"column":75},"skip":true},{"start":{"line":169,"column":79},"end":{"line":178,"column":9},"skip":true}]},"17":{"line":180,"type":"binary-expr","locations":[{"start":{"line":180,"column":41},"end":{"line":180,"column":71},"skip":true},{"start":{"line":180,"column":75},"end":{"line":189,"column":9},"skip":true}]}},"code":["/* istanbul instrument in package npmtest_bell_js */","/*jslint","    bitwise: true,","    browser: true,","    maxerr: 8,","    maxlen: 96,","    node: true,","    nomen: true,","    regexp: true,","    stupid: true","*/","(function () {","    'use strict';","    var local;","","","","    // run shared js-env code - pre-init","    (function () {","        // init local","        local = {};","        // init modeJs","        local.modeJs = (function () {","            try {","                return typeof navigator.userAgent === 'string' &&","                    typeof document.querySelector('body') === 'object' &&","                    typeof XMLHttpRequest.prototype.open === 'function' &&","                    'browser';","            } catch (errorCaughtBrowser) {","                return module.exports &&","                    typeof process.versions.node === 'string' &&","                    typeof require('http').createServer === 'function' &&","                    'node';","            }","        }());","        // init global","        local.global = local.modeJs === 'browser'","            ? window","            : global;","        switch (local.modeJs) {","        // re-init local from window.local","        case 'browser':","            local = local.global.utility2.objectSetDefault(","                local.global.utility2_rollup || local.global.local,","                local.global.utility2","            );","            break;","        // re-init local from example.js","        case 'node':","            local = (local.global.utility2_rollup || require('utility2'))","                .requireReadme();","            break;","        }","        // export local","        local.global.local = local;","    }());","","","","    // run shared js-env code - function","    (function () {","        return;","    }());","    switch (local.modeJs) {","","","","    // run browser js-env code - function","    case 'browser':","        break;","","","","    // run node js-env code - function","    case 'node':","        break;","    }","","","","    // run shared js-env code - post-init","    (function () {","        return;","    }());","    switch (local.modeJs) {","","","","    // run browser js-env code - post-init","    case 'browser':","        local.testCase_browser_nullCase = local.testCase_browser_nullCase || function (","            options,","            onError","        ) {","        /*","         * this function will test browsers's null-case handling-behavior-behavior","         */","            onError(null, options);","        };","","        // run tests","        local.nop(local.modeTest &&","            document.querySelector('#testRunButton1') &&","            document.querySelector('#testRunButton1').click());","        break;","","","","    // run node js-env code - post-init","    /* istanbul ignore next */","    case 'node':","        local.testCase_buildApidoc_default = local.testCase_buildApidoc_default || function (","            options,","            onError","        ) {","        /*","         * this function will test buildApidoc's default handling-behavior-behavior","         */","            options = { modulePathList: module.paths };","            local.buildApidoc(options, onError);","        };","","        local.testCase_buildApp_default = local.testCase_buildApp_default || function (","            options,","            onError","        ) {","        /*","         * this function will test buildApp's default handling-behavior-behavior","         */","            local.testCase_buildReadme_default(options, local.onErrorThrow);","            local.testCase_buildLib_default(options, local.onErrorThrow);","            local.testCase_buildTest_default(options, local.onErrorThrow);","            local.testCase_buildCustomOrg_default(options, local.onErrorThrow);","            options = [];","            local.buildApp(options, onError);","        };","","        local.testCase_buildCustomOrg_default = local.testCase_buildCustomOrg_default ||","            function (options, onError) {","            /*","             * this function will test buildCustomOrg's default handling-behavior","             */","                options = {};","                local.buildCustomOrg(options, onError);","            };","","        local.testCase_buildLib_default = local.testCase_buildLib_default || function (","            options,","            onError","        ) {","        /*","         * this function will test buildLib's default handling-behavior","         */","            options = {};","            local.buildLib(options, onError);","        };","","        local.testCase_buildReadme_default = local.testCase_buildReadme_default || function (","            options,","            onError","        ) {","        /*","         * this function will test buildReadme's default handling-behavior-behavior","         */","            options = {};","            local.buildReadme(options, onError);","        };","","        local.testCase_buildTest_default = local.testCase_buildTest_default || function (","            options,","            onError","        ) {","        /*","         * this function will test buildTest's default handling-behavior","         */","            options = {};","            local.buildTest(options, onError);","        };","","        local.testCase_webpage_default = local.testCase_webpage_default || function (","            options,","            onError","        ) {","        /*","         * this function will test webpage's default handling-behavior","         */","            options = { modeCoverageMerge: true, url: local.serverLocalHost + '?modeTest=1' };","            local.browserTest(options, onError);","        };","","        // run test-server","        local.testRunServer(local);","        break;","    }","}());",""],"l":{"12":2,"14":2,"19":2,"21":2,"23":2,"24":2,"25":2,"30":1,"37":2,"40":2,"43":1,"47":1,"50":1,"52":1,"55":2,"61":2,"62":2,"64":2,"70":1,"76":1,"82":2,"83":2,"85":2,"91":1,"98":1,"102":1,"105":1,"112":1,"119":1,"120":1,"123":1,"130":1,"131":1,"132":1,"133":1,"134":1,"135":1,"138":1,"143":2,"144":2,"147":1,"154":2,"155":2,"158":1,"165":2,"166":2,"169":1,"176":2,"177":2,"180":1,"187":1,"188":1,"192":1,"193":1}},"/home/travis/build/npmtest/node-npmtest-bell.js/lib.npmtest_bell.js.js":{"path":"/home/travis/build/npmtest/node-npmtest-bell.js/lib.npmtest_bell.js.js","s":{"1":2,"2":2,"3":2,"4":2,"5":2,"6":2,"7":2,"8":1,"9":2,"10":2,"11":2,"12":2,"13":1,"14":1,"15":1,"16":1},"b":{"1":[2,1,1,1],"2":[1,1,1,1],"3":[1,1],"4":[2,2],"5":[1,1]},"f":{"1":2,"2":2,"3":2},"fnMap":{"1":{"name":"(anonymous_1)","line":12,"loc":{"start":{"line":12,"column":1},"end":{"line":12,"column":13}}},"2":{"name":"(anonymous_2)","line":19,"loc":{"start":{"line":19,"column":5},"end":{"line":19,"column":17}}},"3":{"name":"(anonymous_3)","line":23,"loc":{"start":{"line":23,"column":24},"end":{"line":23,"column":36}}}},"statementMap":{"1":{"start":{"line":12,"column":0},"end":{"line":53,"column":5}},"2":{"start":{"line":14,"column":4},"end":{"line":14,"column":14}},"3":{"start":{"line":19,"column":4},"end":{"line":52,"column":9}},"4":{"start":{"line":21,"column":8},"end":{"line":21,"column":19}},"5":{"start":{"line":23,"column":8},"end":{"line":35,"column":13}},"6":{"start":{"line":24,"column":12},"end":{"line":34,"column":13}},"7":{"start":{"line":25,"column":16},"end":{"line":28,"column":30}},"8":{"start":{"line":30,"column":16},"end":{"line":33,"column":27}},"9":{"start":{"line":37,"column":8},"end":{"line":39,"column":21}},"10":{"start":{"line":41,"column":8},"end":{"line":41,"column":54}},"11":{"start":{"line":43,"column":8},"end":{"line":43,"column":52}},"12":{"start":{"line":45,"column":8},"end":{"line":51,"column":9}},"13":{"start":{"line":46,"column":12},"end":{"line":46,"column":58}},"14":{"start":{"line":48,"column":12},"end":{"line":48,"column":35}},"15":{"start":{"line":49,"column":12},"end":{"line":49,"column":49}},"16":{"start":{"line":50,"column":12},"end":{"line":50,"column":43}}},"branchMap":{"1":{"line":25,"type":"binary-expr","locations":[{"start":{"line":25,"column":23},"end":{"line":25,"column":62}},{"start":{"line":26,"column":20},"end":{"line":26,"column":70}},{"start":{"line":27,"column":20},"end":{"line":27,"column":71}},{"start":{"line":28,"column":20},"end":{"line":28,"column":29}}]},"2":{"line":30,"type":"binary-expr","locations":[{"start":{"line":30,"column":23},"end":{"line":30,"column":37}},{"start":{"line":31,"column":20},"end":{"line":31,"column":61}},{"start":{"line":32,"column":20},"end":{"line":32,"column":70}},{"start":{"line":33,"column":20},"end":{"line":33,"column":26}}]},"3":{"line":37,"type":"cond-expr","locations":[{"start":{"line":38,"column":14},"end":{"line":38,"column":20}},{"start":{"line":39,"column":14},"end":{"line":39,"column":20}}]},"4":{"line":41,"type":"binary-expr","locations":[{"start":{"line":41,"column":16},"end":{"line":41,"column":44}},{"start":{"line":41,"column":48},"end":{"line":41,"column":53}}]},"5":{"line":45,"type":"if","locations":[{"start":{"line":45,"column":8},"end":{"line":45,"column":8}},{"start":{"line":45,"column":8},"end":{"line":45,"column":8}}]}},"code":["/* istanbul instrument in package npmtest_bell_js */","/*jslint","    bitwise: true,","    browser: true,","    maxerr: 8,","    maxlen: 96,","    node: true,","    nomen: true,","    regexp: true,","    stupid: true","*/","(function () {","    'use strict';","    var local;","","","","    // run shared js-env code - pre-init","    (function () {","        // init local","        local = {};","        // init modeJs","        local.modeJs = (function () {","            try {","                return typeof navigator.userAgent === 'string' &&","                    typeof document.querySelector('body') === 'object' &&","                    typeof XMLHttpRequest.prototype.open === 'function' &&","                    'browser';","            } catch (errorCaughtBrowser) {","                return module.exports &&","                    typeof process.versions.node === 'string' &&","                    typeof require('http').createServer === 'function' &&","                    'node';","            }","        }());","        // init global","        local.global = local.modeJs === 'browser'","            ? window","            : global;","        // init utility2_rollup","        local = local.global.utility2_rollup || local;","        // init lib","        local.local = local.npmtest_bell_js = local;","        // init exports","        if (local.modeJs === 'browser') {","            local.global.utility2_npmtest_bell_js = local;","        } else {","            module.exports = local;","            module.exports.__dirname = __dirname;","            module.exports.module = module;","        }","    }());","}());",""],"l":{"12":2,"14":2,"19":2,"21":2,"23":2,"24":2,"25":2,"30":1,"37":2,"41":2,"43":2,"45":2,"46":1,"48":1,"49":1,"50":1}},"/home/travis/build/npmtest/node-npmtest-bell.js/example.js":{"path":"/home/travis/build/npmtest/node-npmtest-bell.js/example.js","s":{"1":2,"2":2,"3":2,"4":2,"5":2,"6":2,"7":2,"8":1,"9":2,"10":2,"11":2,"12":2,"13":1,"14":2,"15":2,"16":2,"17":2,"18":2,"19":0,"20":2,"21":1,"22":1,"23":1,"24":1,"25":1,"26":0,"27":0,"28":1,"29":1,"30":2,"31":0,"32":0,"33":0,"34":1,"35":2,"36":2,"37":3,"38":3,"39":3,"40":3,"41":0,"42":3,"43":3,"44":3,"45":1,"46":3,"47":1,"48":1,"49":1,"50":1,"51":1,"52":1,"53":1,"54":1,"55":1,"56":1,"57":0,"58":1,"59":6,"60":6,"61":1,"62":2,"63":0,"64":2,"65":1,"66":1,"67":0,"68":0,"69":0,"70":0,"71":0,"72":0,"73":0,"74":0,"75":0,"76":0,"77":0,"78":0,"79":0,"80":0,"81":0,"82":0,"83":0},"b":{"1":[2,1,1,1],"2":[1,1,1,1],"3":[1,1],"4":[2,2],"5":[1,1],"6":[1,1],"7":[2,0],"8":[2,1,1,1,1,1],"9":[0,2,0],"10":[1,1],"11":[2,1,1],"12":[1,0],"13":[0,2],"14":[2,0,0,0,0,0,0],"15":[0,3],"16":[3,0],"17":[1,1],"18":[0,1],"19":[1,2,0,2],"20":[1,0],"21":[1,1],"22":[0,0],"23":[0,0],"24":[0,0],"25":[0,0],"26":[0,0],"27":[0,0],"28":[0,0]},"f":{"1":2,"2":2,"3":2,"4":2,"5":2,"6":2,"7":3,"8":3,"9":3,"10":1,"11":6,"12":0},"fnMap":{"1":{"name":"(anonymous_1)","line":26,"loc":{"start":{"line":26,"column":1},"end":{"line":26,"column":13}}},"2":{"name":"(anonymous_2)","line":33,"loc":{"start":{"line":33,"column":5},"end":{"line":33,"column":17}}},"3":{"name":"(anonymous_3)","line":37,"loc":{"start":{"line":37,"column":24},"end":{"line":37,"column":36}}},"4":{"name":"(anonymous_4)","line":69,"loc":{"start":{"line":69,"column":31},"end":{"line":69,"column":48}},"skip":true},"5":{"name":"(anonymous_5)","line":78,"loc":{"start":{"line":78,"column":26},"end":{"line":78,"column":45}},"skip":true},"6":{"name":"(anonymous_6)","line":123,"loc":{"start":{"line":123,"column":33},"end":{"line":123,"column":48}},"skip":true},"7":{"name":"(anonymous_7)","line":125,"loc":{"start":{"line":125,"column":27},"end":{"line":125,"column":39}},"skip":true},"8":{"name":"(anonymous_8)","line":133,"loc":{"start":{"line":133,"column":59},"end":{"line":133,"column":74}},"skip":true},"9":{"name":"(anonymous_9)","line":143,"loc":{"start":{"line":143,"column":45},"end":{"line":143,"column":62}},"skip":true},"10":{"name":"(anonymous_10)","line":144,"loc":{"start":{"line":144,"column":73},"end":{"line":144,"column":92}},"skip":true},"11":{"name":"(anonymous_11)","line":272,"loc":{"start":{"line":272,"column":51},"end":{"line":272,"column":77}},"skip":true},"12":{"name":"(anonymous_12)","line":315,"loc":{"start":{"line":315,"column":32},"end":{"line":315,"column":61}},"skip":true}},"statementMap":{"1":{"start":{"line":26,"column":0},"end":{"line":326,"column":5}},"2":{"start":{"line":28,"column":4},"end":{"line":28,"column":14}},"3":{"start":{"line":33,"column":4},"end":{"line":60,"column":9}},"4":{"start":{"line":35,"column":8},"end":{"line":35,"column":19}},"5":{"start":{"line":37,"column":8},"end":{"line":49,"column":13}},"6":{"start":{"line":38,"column":12},"end":{"line":48,"column":13}},"7":{"start":{"line":39,"column":16},"end":{"line":42,"column":30}},"8":{"start":{"line":44,"column":16},"end":{"line":47,"column":27}},"9":{"start":{"line":51,"column":8},"end":{"line":53,"column":21}},"10":{"start":{"line":55,"column":8},"end":{"line":57,"column":45}},"11":{"start":{"line":59,"column":8},"end":{"line":59,"column":35}},"12":{"start":{"line":61,"column":4},"end":{"line":325,"column":5}},"13":{"start":{"line":69,"column":8},"end":{"line":121,"column":10},"skip":true},"14":{"start":{"line":70,"column":12},"end":{"line":88,"column":13},"skip":true},"15":{"start":{"line":76,"column":16},"end":{"line":87,"column":19},"skip":true},"16":{"start":{"line":79,"column":20},"end":{"line":86,"column":21},"skip":true},"17":{"start":{"line":82,"column":24},"end":{"line":82,"column":43},"skip":true},"18":{"start":{"line":83,"column":24},"end":{"line":83,"column":30},"skip":true},"19":{"start":{"line":85,"column":24},"end":{"line":85,"column":49},"skip":true},"20":{"start":{"line":89,"column":12},"end":{"line":107,"column":13},"skip":true},"21":{"start":{"line":92,"column":16},"end":{"line":102,"column":17},"skip":true},"22":{"start":{"line":93,"column":20},"end":{"line":93,"column":86},"skip":true},"23":{"start":{"line":94,"column":20},"end":{"line":95,"column":45},"skip":true},"24":{"start":{"line":96,"column":20},"end":{"line":96,"column":42},"skip":true},"25":{"start":{"line":97,"column":20},"end":{"line":97,"column":48},"skip":true},"26":{"start":{"line":100,"column":20},"end":{"line":100,"column":85},"skip":true},"27":{"start":{"line":101,"column":20},"end":{"line":101,"column":96},"skip":true},"28":{"start":{"line":103,"column":16},"end":{"line":103,"column":22},"skip":true},"29":{"start":{"line":106,"column":16},"end":{"line":106,"column":22},"skip":true},"30":{"start":{"line":108,"column":12},"end":{"line":120,"column":13},"skip":true},"31":{"start":{"line":114,"column":16},"end":{"line":119,"column":17},"skip":true},"32":{"start":{"line":116,"column":20},"end":{"line":116,"column":78},"skip":true},"33":{"start":{"line":118,"column":20},"end":{"line":118,"column":47},"skip":true},"34":{"start":{"line":123,"column":8},"end":{"line":141,"column":11},"skip":true},"35":{"start":{"line":124,"column":12},"end":{"line":124,"column":54},"skip":true},"36":{"start":{"line":125,"column":12},"end":{"line":140,"column":14},"skip":true},"37":{"start":{"line":126,"column":16},"end":{"line":126,"column":28},"skip":true},"38":{"start":{"line":127,"column":16},"end":{"line":127,"column":69},"skip":true},"39":{"start":{"line":128,"column":16},"end":{"line":128,"column":75},"skip":true},"40":{"start":{"line":129,"column":16},"end":{"line":131,"column":17},"skip":true},"41":{"start":{"line":130,"column":20},"end":{"line":130,"column":27},"skip":true},"42":{"start":{"line":133,"column":16},"end":{"line":137,"column":36},"skip":true},"43":{"start":{"line":134,"column":20},"end":{"line":136,"column":55},"skip":true},"44":{"start":{"line":139,"column":16},"end":{"line":139,"column":57},"skip":true},"45":{"start":{"line":143,"column":8},"end":{"line":147,"column":11},"skip":true},"46":{"start":{"line":144,"column":12},"end":{"line":146,"column":15},"skip":true},"47":{"start":{"line":145,"column":16},"end":{"line":145,"column":70},"skip":true},"48":{"start":{"line":149,"column":8},"end":{"line":149,"column":31},"skip":true},"49":{"start":{"line":150,"column":8},"end":{"line":150,"column":14},"skip":true},"50":{"start":{"line":158,"column":8},"end":{"line":158,"column":31},"skip":true},"51":{"start":{"line":160,"column":8},"end":{"line":160,"column":33},"skip":true},"52":{"start":{"line":161,"column":8},"end":{"line":161,"column":37},"skip":true},"53":{"start":{"line":162,"column":8},"end":{"line":162,"column":35},"skip":true},"54":{"start":{"line":164,"column":8},"end":{"line":164,"column":50},"skip":true},"55":{"start":{"line":166,"column":8},"end":{"line":256,"column":2},"skip":true},"56":{"start":{"line":258,"column":8},"end":{"line":286,"column":9},"skip":true},"57":{"start":{"line":259,"column":12},"end":{"line":269,"column":14},"skip":true},"58":{"start":{"line":271,"column":12},"end":{"line":285,"column":19},"skip":true},"59":{"start":{"line":274,"column":20},"end":{"line":274,"column":35},"skip":true},"60":{"start":{"line":275,"column":20},"end":{"line":284,"column":21},"skip":true},"61":{"start":{"line":277,"column":24},"end":{"line":277,"column":64},"skip":true},"62":{"start":{"line":279,"column":24},"end":{"line":279,"column":40},"skip":true},"63":{"start":{"line":281,"column":24},"end":{"line":281,"column":40},"skip":true},"64":{"start":{"line":283,"column":24},"end":{"line":283,"column":39},"skip":true},"65":{"start":{"line":288,"column":8},"end":{"line":290,"column":9},"skip":true},"66":{"start":{"line":289,"column":12},"end":{"line":289,"column":18},"skip":true},"67":{"start":{"line":291,"column":8},"end":{"line":293,"column":54},"skip":true},"68":{"start":{"line":296,"column":8},"end":{"line":301,"column":37},"skip":true},"69":{"start":{"line":303,"column":8},"end":{"line":303,"column":82},"skip":true},"70":{"start":{"line":306,"column":8},"end":{"line":308,"column":9},"skip":true},"71":{"start":{"line":307,"column":12},"end":{"line":307,"column":82},"skip":true},"72":{"start":{"line":310,"column":8},"end":{"line":312,"column":9},"skip":true},"73":{"start":{"line":311,"column":12},"end":{"line":311,"column":18},"skip":true},"74":{"start":{"line":313,"column":8},"end":{"line":313,"column":54},"skip":true},"75":{"start":{"line":314,"column":8},"end":{"line":314,"column":69},"skip":true},"76":{"start":{"line":315,"column":8},"end":{"line":323,"column":36},"skip":true},"77":{"start":{"line":316,"column":12},"end":{"line":316,"column":61},"skip":true},"78":{"start":{"line":317,"column":12},"end":{"line":320,"column":13},"skip":true},"79":{"start":{"line":318,"column":16},"end":{"line":318,"column":75},"skip":true},"80":{"start":{"line":319,"column":16},"end":{"line":319,"column":23},"skip":true},"81":{"start":{"line":321,"column":12},"end":{"line":321,"column":38},"skip":true},"82":{"start":{"line":322,"column":12},"end":{"line":322,"column":27},"skip":true},"83":{"start":{"line":324,"column":8},"end":{"line":324,"column":14},"skip":true}},"branchMap":{"1":{"line":39,"type":"binary-expr","locations":[{"start":{"line":39,"column":23},"end":{"line":39,"column":62}},{"start":{"line":40,"column":20},"end":{"line":40,"column":70}},{"start":{"line":41,"column":20},"end":{"line":41,"column":71}},{"start":{"line":42,"column":20},"end":{"line":42,"column":29}}]},"2":{"line":44,"type":"binary-expr","locations":[{"start":{"line":44,"column":23},"end":{"line":44,"column":37}},{"start":{"line":45,"column":20},"end":{"line":45,"column":61}},{"start":{"line":46,"column":20},"end":{"line":46,"column":70}},{"start":{"line":47,"column":20},"end":{"line":47,"column":26}}]},"3":{"line":51,"type":"cond-expr","locations":[{"start":{"line":52,"column":14},"end":{"line":52,"column":20}},{"start":{"line":53,"column":14},"end":{"line":53,"column":20}}]},"4":{"line":55,"type":"binary-expr","locations":[{"start":{"line":55,"column":16},"end":{"line":55,"column":44}},{"start":{"line":55,"column":49},"end":{"line":57,"column":43}}]},"5":{"line":55,"type":"cond-expr","locations":[{"start":{"line":56,"column":14},"end":{"line":56,"column":51}},{"start":{"line":57,"column":14},"end":{"line":57,"column":43}}]},"6":{"line":61,"type":"switch","locations":[{"start":{"line":68,"column":4},"end":{"line":150,"column":14},"skip":true},{"start":{"line":156,"column":4},"end":{"line":324,"column":14},"skip":true}]},"7":{"line":70,"type":"if","locations":[{"start":{"line":70,"column":12},"end":{"line":70,"column":12},"skip":true},{"start":{"line":70,"column":12},"end":{"line":70,"column":12},"skip":true}]},"8":{"line":70,"type":"binary-expr","locations":[{"start":{"line":70,"column":16},"end":{"line":70,"column":22},"skip":true},{"start":{"line":70,"column":27},"end":{"line":70,"column":32},"skip":true},{"start":{"line":71,"column":20},"end":{"line":71,"column":39},"skip":true},{"start":{"line":72,"column":20},"end":{"line":72,"column":49},"skip":true},{"start":{"line":73,"column":20},"end":{"line":73,"column":58},"skip":true},{"start":{"line":74,"column":20},"end":{"line":74,"column":69},"skip":true}]},"9":{"line":79,"type":"switch","locations":[{"start":{"line":80,"column":20},"end":{"line":80,"column":33},"skip":true},{"start":{"line":81,"column":20},"end":{"line":83,"column":30},"skip":true},{"start":{"line":84,"column":20},"end":{"line":85,"column":49},"skip":true}]},"10":{"line":89,"type":"switch","locations":[{"start":{"line":90,"column":12},"end":{"line":103,"column":22},"skip":true},{"start":{"line":105,"column":12},"end":{"line":106,"column":22},"skip":true}]},"11":{"line":89,"type":"binary-expr","locations":[{"start":{"line":89,"column":20},"end":{"line":89,"column":25},"skip":true},{"start":{"line":89,"column":29},"end":{"line":89,"column":48},"skip":true},{"start":{"line":89,"column":52},"end":{"line":89,"column":74},"skip":true}]},"12":{"line":92,"type":"if","locations":[{"start":{"line":92,"column":16},"end":{"line":92,"column":16},"skip":true},{"start":{"line":92,"column":16},"end":{"line":92,"column":16},"skip":true}]},"13":{"line":108,"type":"if","locations":[{"start":{"line":108,"column":12},"end":{"line":108,"column":12},"skip":true},{"start":{"line":108,"column":12},"end":{"line":108,"column":12},"skip":true}]},"14":{"line":108,"type":"binary-expr","locations":[{"start":{"line":108,"column":16},"end":{"line":108,"column":61},"skip":true},{"start":{"line":108,"column":66},"end":{"line":108,"column":72},"skip":true},{"start":{"line":108,"column":77},"end":{"line":108,"column":82},"skip":true},{"start":{"line":109,"column":20},"end":{"line":109,"column":39},"skip":true},{"start":{"line":110,"column":20},"end":{"line":110,"column":49},"skip":true},{"start":{"line":111,"column":20},"end":{"line":111,"column":58},"skip":true},{"start":{"line":112,"column":20},"end":{"line":112,"column":68},"skip":true}]},"15":{"line":129,"type":"if","locations":[{"start":{"line":129,"column":16},"end":{"line":129,"column":16},"skip":true},{"start":{"line":129,"column":16},"end":{"line":129,"column":16},"skip":true}]},"16":{"line":134,"type":"cond-expr","locations":[{"start":{"line":135,"column":26},"end":{"line":135,"column":29},"skip":true},{"start":{"line":136,"column":26},"end":{"line":136,"column":54},"skip":true}]},"17":{"line":164,"type":"binary-expr","locations":[{"start":{"line":164,"column":27},"end":{"line":164,"column":43},"skip":true},{"start":{"line":164,"column":47},"end":{"line":164,"column":49},"skip":true}]},"18":{"line":258,"type":"if","locations":[{"start":{"line":258,"column":8},"end":{"line":258,"column":8},"skip":true},{"start":{"line":258,"column":8},"end":{"line":258,"column":8},"skip":true}]},"19":{"line":275,"type":"switch","locations":[{"start":{"line":276,"column":20},"end":{"line":277,"column":64},"skip":true},{"start":{"line":278,"column":20},"end":{"line":279,"column":40},"skip":true},{"start":{"line":280,"column":20},"end":{"line":281,"column":40},"skip":true},{"start":{"line":282,"column":20},"end":{"line":283,"column":39},"skip":true}]},"20":{"line":288,"type":"if","locations":[{"start":{"line":288,"column":8},"end":{"line":288,"column":8},"skip":true},{"start":{"line":288,"column":8},"end":{"line":288,"column":8},"skip":true}]},"21":{"line":288,"type":"binary-expr","locations":[{"start":{"line":288,"column":12},"end":{"line":288,"column":40},"skip":true},{"start":{"line":288,"column":44},"end":{"line":288,"column":67},"skip":true}]},"22":{"line":292,"type":"binary-expr","locations":[{"start":{"line":292,"column":12},"end":{"line":292,"column":50},"skip":true},{"start":{"line":293,"column":12},"end":{"line":293,"column":53},"skip":true}]},"23":{"line":297,"type":"binary-expr","locations":[{"start":{"line":297,"column":12},"end":{"line":297,"column":65},"skip":true},{"start":{"line":298,"column":12},"end":{"line":301,"column":36},"skip":true}]},"24":{"line":303,"type":"binary-expr","locations":[{"start":{"line":303,"column":43},"end":{"line":303,"column":75},"skip":true},{"start":{"line":303,"column":79},"end":{"line":303,"column":81},"skip":true}]},"25":{"line":306,"type":"if","locations":[{"start":{"line":306,"column":8},"end":{"line":306,"column":8},"skip":true},{"start":{"line":306,"column":8},"end":{"line":306,"column":8},"skip":true}]},"26":{"line":310,"type":"if","locations":[{"start":{"line":310,"column":8},"end":{"line":310,"column":8},"skip":true},{"start":{"line":310,"column":8},"end":{"line":310,"column":8},"skip":true}]},"27":{"line":313,"type":"binary-expr","locations":[{"start":{"line":313,"column":27},"end":{"line":313,"column":43},"skip":true},{"start":{"line":313,"column":47},"end":{"line":313,"column":53},"skip":true}]},"28":{"line":317,"type":"if","locations":[{"start":{"line":317,"column":12},"end":{"line":317,"column":12},"skip":true},{"start":{"line":317,"column":12},"end":{"line":317,"column":12},"skip":true}]}},"code":["/*","example.js","","quickstart example","","instruction","    1. save this script as example.js","    2. run the shell command:","        $ npm install npmtest-bell.js && PORT=8081 node example.js","    3. play with the browser-demo on http://127.0.0.1:8081","*/","","","","/* istanbul instrument in package npmtest_bell_js */","/*jslint","    bitwise: true,","    browser: true,","    maxerr: 8,","    maxlen: 96,","    node: true,","    nomen: true,","    regexp: true,","    stupid: true","*/","(function () {","    'use strict';","    var local;","","","","    // run shared js-env code - pre-init","    (function () {","        // init local","        local = {};","        // init modeJs","        local.modeJs = (function () {","            try {","                return typeof navigator.userAgent === 'string' &&","                    typeof document.querySelector('body') === 'object' &&","                    typeof XMLHttpRequest.prototype.open === 'function' &&","                    'browser';","            } catch (errorCaughtBrowser) {","                return module.exports &&","                    typeof process.versions.node === 'string' &&","                    typeof require('http').createServer === 'function' &&","                    'node';","            }","        }());","        // init global","        local.global = local.modeJs === 'browser'","            ? window","            : global;","        // init utility2_rollup","        local = local.global.utility2_rollup || (local.modeJs === 'browser'","            ? local.global.utility2_npmtest_bell_js","            : global.utility2_moduleExports);","        // export local","        local.global.local = local;","    }());","    switch (local.modeJs) {","","","","    // post-init","    // run browser js-env code - post-init","    /* istanbul ignore next */","    case 'browser':","        local.testRunBrowser = function (event) {","            if (!event || (event &&","                    event.currentTarget &&","                    event.currentTarget.className &&","                    event.currentTarget.className.includes &&","                    event.currentTarget.className.includes('onreset'))) {","                // reset output","                Array.from(","                    document.querySelectorAll('body > .resettable')","                ).forEach(function (element) {","                    switch (element.tagName) {","                    case 'INPUT':","                    case 'TEXTAREA':","                        element.value = '';","                        break;","                    default:","                        element.textContent = '';","                    }","                });","            }","            switch (event && event.currentTarget && event.currentTarget.id) {","            case 'testRunButton1':","                // show tests","                if (document.querySelector('#testReportDiv1').style.display === 'none') {","                    document.querySelector('#testReportDiv1').style.display = 'block';","                    document.querySelector('#testRunButton1').textContent =","                        'hide internal test';","                    local.modeTest = true;","                    local.testRunDefault(local);","                // hide tests","                } else {","                    document.querySelector('#testReportDiv1').style.display = 'none';","                    document.querySelector('#testRunButton1').textContent = 'run internal test';","                }","                break;","            // custom-case","            default:","                break;","            }","            if (document.querySelector('#inputTextareaEval1') && (!event || (event &&","                    event.currentTarget &&","                    event.currentTarget.className &&","                    event.currentTarget.className.includes &&","                    event.currentTarget.className.includes('oneval')))) {","                // try to eval input-code","                try {","                    /*jslint evil: true*/","                    eval(document.querySelector('#inputTextareaEval1').value);","                } catch (errorCaught) {","                    console.error(errorCaught);","                }","            }","        };","        // log stderr and stdout to #outputTextareaStdout1","        ['error', 'log'].forEach(function (key) {","            console[key + '_original'] = console[key];","            console[key] = function () {","                var element;","                console[key + '_original'].apply(console, arguments);","                element = document.querySelector('#outputTextareaStdout1');","                if (!element) {","                    return;","                }","                // append text to #outputTextareaStdout1","                element.value += Array.from(arguments).map(function (arg) {","                    return typeof arg === 'string'","                        ? arg","                        : JSON.stringify(arg, null, 4);","                }).join(' ') + '\\n';","                // scroll textarea to bottom","                element.scrollTop = element.scrollHeight;","            };","        });","        // init event-handling","        ['change', 'click', 'keyup'].forEach(function (event) {","            Array.from(document.querySelectorAll('.on' + event)).forEach(function (element) {","                element.addEventListener(event, local.testRunBrowser);","            });","        });","        // run tests","        local.testRunBrowser();","        break;","","","","    // run node js-env code - post-init","    /* istanbul ignore next */","    case 'node':","        // export local","        module.exports = local;","        // require modules","        local.fs = require('fs');","        local.http = require('http');","        local.url = require('url');","        // init assets","        local.assetsDict = local.assetsDict || {};","        /* jslint-ignore-begin */","        local.assetsDict['/assets.index.template.html'] = '\\","<!doctype html>\\n\\","<html lang=\"en\">\\n\\","<head>\\n\\","<meta charset=\"UTF-8\">\\n\\","<meta name=\"viewport\" content=\"width=device-width, initial-scale=1\">\\n\\","<title>{{env.npm_package_name}} (v{{env.npm_package_version}})</title>\\n\\","<style>\\n\\","/*csslint\\n\\","    box-sizing: false,\\n\\","    universal-selector: false\\n\\","*/\\n\\","* {\\n\\","    box-sizing: border-box;\\n\\","}\\n\\","body {\\n\\","    background: #dde;\\n\\","    font-family: Arial, Helvetica, sans-serif;\\n\\","    margin: 2rem;\\n\\","}\\n\\","body > * {\\n\\","    margin-bottom: 1rem;\\n\\","}\\n\\",".utility2FooterDiv {\\n\\","    margin-top: 20px;\\n\\","    text-align: center;\\n\\","}\\n\\","</style>\\n\\","<style>\\n\\","/*csslint\\n\\","*/\\n\\","textarea {\\n\\","    font-family: monospace;\\n\\","    height: 10rem;\\n\\","    width: 100%;\\n\\","}\\n\\","textarea[readonly] {\\n\\","    background: #ddd;\\n\\","}\\n\\","</style>\\n\\","</head>\\n\\","<body>\\n\\","<!-- utility2-comment\\n\\","<div id=\"ajaxProgressDiv1\" style=\"background: #d00; height: 2px; left: 0; margin: 0; padding: 0; position: fixed; top: 0; transition: background 0.5s, width 1.5s; width: 25%;\"></div>\\n\\","utility2-comment -->\\n\\","<h1>\\n\\","<!-- utility2-comment\\n\\","    <a\\n\\","        {{#if env.npm_package_homepage}}\\n\\","        href=\"{{env.npm_package_homepage}}\"\\n\\","        {{/if env.npm_package_homepage}}\\n\\","        target=\"_blank\"\\n\\","    >\\n\\","utility2-comment -->\\n\\","        {{env.npm_package_name}} (v{{env.npm_package_version}})\\n\\","<!-- utility2-comment\\n\\","    </a>\\n\\","utility2-comment -->\\n\\","</h1>\\n\\","<h3>{{env.npm_package_description}}</h3>\\n\\","<!-- utility2-comment\\n\\","<h4><a download href=\"assets.app.js\">download standalone app</a></h4>\\n\\","<button class=\"onclick onreset\" id=\"testRunButton1\">run internal test</button><br>\\n\\","<div id=\"testReportDiv1\" style=\"display: none;\"></div>\\n\\","utility2-comment -->\\n\\","\\n\\","\\n\\","\\n\\","<label>stderr and stdout</label>\\n\\","<textarea class=\"resettable\" id=\"outputTextareaStdout1\" readonly></textarea>\\n\\","<!-- utility2-comment\\n\\","{{#if isRollup}}\\n\\","<script src=\"assets.app.js\"></script>\\n\\","{{#unless isRollup}}\\n\\","utility2-comment -->\\n\\","<script src=\"assets.utility2.rollup.js\"></script>\\n\\","<script src=\"jsonp.utility2._stateInit?callback=window.utility2._stateInit\"></script>\\n\\","<script src=\"assets.npmtest_bell_js.rollup.js\"></script>\\n\\","<script src=\"assets.example.js\"></script>\\n\\","<script src=\"assets.test.js\"></script>\\n\\","<!-- utility2-comment\\n\\","{{/if isRollup}}\\n\\","utility2-comment -->\\n\\","<div class=\"utility2FooterDiv\">\\n\\","    [ this app was created with\\n\\","    <a href=\"https://github.com/kaizhu256/node-utility2\" target=\"_blank\">utility2</a>\\n\\","    ]\\n\\","</div>\\n\\","</body>\\n\\","</html>\\n\\","';","        /* jslint-ignore-end */","        if (local.templateRender) {","            local.assetsDict['/'] = local.templateRender(","                local.assetsDict['/assets.index.template.html'],","                {","                    env: local.objectSetDefault(local.env, {","                        npm_package_description: 'the greatest app in the world!',","                        npm_package_name: 'my-app',","                        npm_package_nameAlias: 'my_app',","                        npm_package_version: '0.0.1'","                    })","                }","            );","        } else {","            local.assetsDict['/'] = local.assetsDict['/assets.index.template.html']","                .replace((/\\{\\{env\\.(\\w+?)\\}\\}/g), function (match0, match1) {","                    // jslint-hack","                    String(match0);","                    switch (match1) {","                    case 'npm_package_description':","                        return 'the greatest app in the world!';","                    case 'npm_package_name':","                        return 'my-app';","                    case 'npm_package_nameAlias':","                        return 'my_app';","                    case 'npm_package_version':","                        return '0.0.1';","                    }","                });","        }","        // run the cli","        if (local.global.utility2_rollup || module !== require.main) {","            break;","        }","        local.assetsDict['/assets.example.js'] =","            local.assetsDict['/assets.example.js'] ||","            local.fs.readFileSync(__filename, 'utf8');","        // bug-workaround - long $npm_package_buildCustomOrg","        /* jslint-ignore-begin */","        local.assetsDict['/assets.npmtest_bell_js.rollup.js'] =","            local.assetsDict['/assets.npmtest_bell_js.rollup.js'] ||","            local.fs.readFileSync(","                local.npmtest_bell_js.__dirname + '/lib.npmtest_bell_js.js',","                'utf8'","            ).replace((/^#!/), '//');","        /* jslint-ignore-end */","        local.assetsDict['/favicon.ico'] = local.assetsDict['/favicon.ico'] || '';","        // if $npm_config_timeout_exit exists,","        // then exit this process after $npm_config_timeout_exit ms","        if (Number(process.env.npm_config_timeout_exit)) {","            setTimeout(process.exit, Number(process.env.npm_config_timeout_exit));","        }","        // start server","        if (local.global.utility2_serverHttp1) {","            break;","        }","        process.env.PORT = process.env.PORT || '8081';","        console.error('server starting on port ' + process.env.PORT);","        local.http.createServer(function (request, response) {","            request.urlParsed = local.url.parse(request.url);","            if (local.assetsDict[request.urlParsed.pathname] !== undefined) {","                response.end(local.assetsDict[request.urlParsed.pathname]);","                return;","            }","            response.statusCode = 404;","            response.end();","        }).listen(process.env.PORT);","        break;","    }","}());",""],"l":{"26":2,"28":2,"33":2,"35":2,"37":2,"38":2,"39":2,"44":1,"51":2,"55":2,"59":2,"61":2,"69":1,"70":2,"76":2,"79":2,"82":2,"83":2,"85":1,"89":2,"92":1,"93":1,"94":1,"96":1,"97":1,"100":1,"101":1,"103":1,"106":1,"108":2,"114":1,"116":1,"118":1,"123":1,"124":2,"125":2,"126":3,"127":3,"128":3,"129":3,"130":1,"133":3,"134":3,"139":3,"143":1,"144":3,"145":1,"149":1,"150":1,"158":1,"160":1,"161":1,"162":1,"164":1,"166":1,"258":1,"259":1,"271":1,"274":6,"275":6,"277":1,"279":2,"281":1,"283":2,"288":1,"289":1,"291":1,"296":1,"303":1,"306":1,"307":1,"310":1,"311":1,"313":1,"314":1,"315":1,"316":1,"317":1,"318":1,"319":1,"321":1,"322":1,"324":1}},"/home/travis/build/npmtest/node-npmtest-bell.js/node_modules/bell.js/statsd.js":{"path":"/home/travis/build/npmtest/node-npmtest-bell.js/node_modules/bell.js/statsd.js","s":{"1":1,"2":1,"3":1,"4":1,"5":1,"6":1,"7":1,"8":0,"9":0,"10":0,"11":0,"12":0,"13":0,"14":0,"15":0,"16":0,"17":0,"18":1,"19":0,"20":0,"21":0,"22":0,"23":0,"24":1,"25":1,"26":0,"27":0,"28":0,"29":0,"30":0,"31":0,"32":0,"33":0,"34":0,"35":0,"36":1,"37":0,"38":0,"39":0,"40":0,"41":0,"42":0,"43":0,"44":0,"45":0,"46":0,"47":0,"48":0,"49":0,"50":0,"51":0,"52":0,"53":0,"54":0,"55":0,"56":0,"57":0,"58":0,"59":1,"60":0,"61":0,"62":0,"63":0,"64":0,"65":0,"66":0,"67":0},"b":{"1":[0,0],"2":[0,0],"3":[0,0],"4":[0,0],"5":[0,0],"6":[0,0],"7":[0,0],"8":[0,0],"9":[0,0],"10":[0,0],"11":[0,0],"12":[0,0],"13":[0,0],"14":[0,0]},"f":{"1":0,"2":0,"3":0,"4":0,"5":0,"6":0,"7":0,"8":0,"9":0,"10":0,"11":0,"12":0},"fnMap":{"1":{"name":"(anonymous_1)","line":29,"loc":{"start":{"line":29,"column":19},"end":{"line":29,"column":45}}},"2":{"name":"(anonymous_2)","line":32,"loc":{"start":{"line":32,"column":16},"end":{"line":32,"column":44}}},"3":{"name":"(anonymous_3)","line":44,"loc":{"start":{"line":44,"column":12},"end":{"line":44,"column":37}}},"4":{"name":"match","line":55,"loc":{"start":{"line":55,"column":0},"end":{"line":55,"column":20}}},"5":{"name":"Bell","line":66,"loc":{"start":{"line":66,"column":0},"end":{"line":66,"column":16}}},"6":{"name":"(anonymous_6)","line":68,"loc":{"start":{"line":68,"column":25},"end":{"line":68,"column":36}}},"7":{"name":"(anonymous_7)","line":74,"loc":{"start":{"line":74,"column":5},"end":{"line":74,"column":15}}},"8":{"name":"(anonymous_8)","line":79,"loc":{"start":{"line":79,"column":15},"end":{"line":79,"column":29}}},"9":{"name":"(anonymous_9)","line":91,"loc":{"start":{"line":91,"column":23},"end":{"line":91,"column":44}}},"10":{"name":"(anonymous_10)","line":120,"loc":{"start":{"line":120,"column":36},"end":{"line":120,"column":46}}},"11":{"name":"(anonymous_11)","line":134,"loc":{"start":{"line":134,"column":15},"end":{"line":134,"column":58}}},"12":{"name":"(anonymous_12)","line":139,"loc":{"start":{"line":139,"column":21},"end":{"line":139,"column":42}}}},"statementMap":{"1":{"start":{"line":19,"column":0},"end":{"line":19,"column":25}},"2":{"start":{"line":20,"column":0},"end":{"line":20,"column":37}},"3":{"start":{"line":21,"column":0},"end":{"line":21,"column":41}},"4":{"start":{"line":23,"column":0},"end":{"line":23,"column":11}},"5":{"start":{"line":24,"column":0},"end":{"line":24,"column":10}},"6":{"start":{"line":25,"column":0},"end":{"line":25,"column":11}},"7":{"start":{"line":28,"column":0},"end":{"line":47,"column":2}},"8":{"start":{"line":30,"column":4},"end":{"line":30,"column":45}},"9":{"start":{"line":33,"column":4},"end":{"line":33,"column":71}},"10":{"start":{"line":34,"column":4},"end":{"line":34,"column":24}},"11":{"start":{"line":36,"column":4},"end":{"line":41,"column":5}},"12":{"start":{"line":37,"column":6},"end":{"line":37,"column":28}},"13":{"start":{"line":38,"column":6},"end":{"line":38,"column":49}},"14":{"start":{"line":39,"column":6},"end":{"line":39,"column":29}},"15":{"start":{"line":40,"column":6},"end":{"line":40,"column":43}},"16":{"start":{"line":42,"column":4},"end":{"line":42,"column":22}},"17":{"start":{"line":45,"column":4},"end":{"line":45,"column":43}},"18":{"start":{"line":55,"column":0},"end":{"line":64,"column":1}},"19":{"start":{"line":56,"column":2},"end":{"line":56,"column":51}},"20":{"start":{"line":58,"column":2},"end":{"line":62,"column":3}},"21":{"start":{"line":59,"column":4},"end":{"line":61,"column":5}},"22":{"start":{"line":60,"column":6},"end":{"line":60,"column":18}},"23":{"start":{"line":63,"column":2},"end":{"line":63,"column":15}},"24":{"start":{"line":66,"column":0},"end":{"line":66,"column":18}},"25":{"start":{"line":68,"column":0},"end":{"line":89,"column":2}},"26":{"start":{"line":69,"column":2},"end":{"line":69,"column":18}},"27":{"start":{"line":71,"column":2},"end":{"line":86,"column":5}},"28":{"start":{"line":75,"column":4},"end":{"line":77,"column":5}},"29":{"start":{"line":76,"column":6},"end":{"line":76,"column":48}},"30":{"start":{"line":80,"column":4},"end":{"line":83,"column":5}},"31":{"start":{"line":81,"column":6},"end":{"line":81,"column":58}},"32":{"start":{"line":82,"column":6},"end":{"line":82,"column":46}},"33":{"start":{"line":84,"column":4},"end":{"line":84,"column":24}},"34":{"start":{"line":85,"column":4},"end":{"line":85,"column":26}},"35":{"start":{"line":88,"column":2},"end":{"line":88,"column":14}},"36":{"start":{"line":91,"column":0},"end":{"line":132,"column":2}},"37":{"start":{"line":92,"column":2},"end":{"line":92,"column":16}},"38":{"start":{"line":93,"column":2},"end":{"line":93,"column":34}},"39":{"start":{"line":96,"column":2},"end":{"line":108,"column":3}},"40":{"start":{"line":97,"column":4},"end":{"line":97,"column":24}},"41":{"start":{"line":98,"column":4},"end":{"line":98,"column":26}},"42":{"start":{"line":100,"column":4},"end":{"line":107,"column":5}},"43":{"start":{"line":101,"column":6},"end":{"line":106,"column":7}},"44":{"start":{"line":102,"column":8},"end":{"line":102,"column":28}},"45":{"start":{"line":103,"column":8},"end":{"line":103,"column":33}},"46":{"start":{"line":104,"column":8},"end":{"line":104,"column":47}},"47":{"start":{"line":105,"column":8},"end":{"line":105,"column":53}},"48":{"start":{"line":110,"column":2},"end":{"line":110,"column":27}},"49":{"start":{"line":113,"column":2},"end":{"line":131,"column":3}},"50":{"start":{"line":114,"column":4},"end":{"line":114,"column":39}},"51":{"start":{"line":116,"column":4},"end":{"line":118,"column":5}},"52":{"start":{"line":117,"column":6},"end":{"line":117,"column":21}},"53":{"start":{"line":120,"column":4},"end":{"line":130,"column":7}},"54":{"start":{"line":121,"column":6},"end":{"line":129,"column":7}},"55":{"start":{"line":122,"column":8},"end":{"line":122,"column":65}},"56":{"start":{"line":124,"column":8},"end":{"line":126,"column":9}},"57":{"start":{"line":125,"column":10},"end":{"line":125,"column":55}},"58":{"start":{"line":128,"column":8},"end":{"line":128,"column":28}},"59":{"start":{"line":134,"column":0},"end":{"line":144,"column":2}},"60":{"start":{"line":135,"column":2},"end":{"line":135,"column":30}},"61":{"start":{"line":136,"column":2},"end":{"line":136,"column":24}},"62":{"start":{"line":137,"column":2},"end":{"line":137,"column":25}},"63":{"start":{"line":138,"column":2},"end":{"line":138,"column":24}},"64":{"start":{"line":139,"column":2},"end":{"line":141,"column":5}},"65":{"start":{"line":140,"column":4},"end":{"line":140,"column":27}},"66":{"start":{"line":142,"column":2},"end":{"line":142,"column":17}},"67":{"start":{"line":143,"column":2},"end":{"line":143,"column":14}}},"branchMap":{"1":{"line":33,"type":"binary-expr","locations":[{"start":{"line":33,"column":17},"end":{"line":33,"column":43}},{"start":{"line":33,"column":47},"end":{"line":33,"column":70}}]},"2":{"line":56,"type":"binary-expr","locations":[{"start":{"line":56,"column":16},"end":{"line":56,"column":34}},{"start":{"line":56,"column":38},"end":{"line":56,"column":50}}]},"3":{"line":59,"type":"if","locations":[{"start":{"line":59,"column":4},"end":{"line":59,"column":4}},{"start":{"line":59,"column":4},"end":{"line":59,"column":4}}]},"4":{"line":72,"type":"binary-expr","locations":[{"start":{"line":72,"column":10},"end":{"line":72,"column":25}},{"start":{"line":72,"column":29},"end":{"line":72,"column":38}}]},"5":{"line":73,"type":"binary-expr","locations":[{"start":{"line":73,"column":10},"end":{"line":73,"column":25}},{"start":{"line":73,"column":29},"end":{"line":73,"column":33}}]},"6":{"line":75,"type":"if","locations":[{"start":{"line":75,"column":4},"end":{"line":75,"column":4}},{"start":{"line":75,"column":4},"end":{"line":75,"column":4}}]},"7":{"line":80,"type":"if","locations":[{"start":{"line":80,"column":4},"end":{"line":80,"column":4}},{"start":{"line":80,"column":4},"end":{"line":80,"column":4}}]},"8":{"line":101,"type":"if","locations":[{"start":{"line":101,"column":6},"end":{"line":101,"column":6}},{"start":{"line":101,"column":6},"end":{"line":101,"column":6}}]},"9":{"line":113,"type":"if","locations":[{"start":{"line":113,"column":2},"end":{"line":113,"column":2}},{"start":{"line":113,"column":2},"end":{"line":113,"column":2}}]},"10":{"line":116,"type":"if","locations":[{"start":{"line":116,"column":4},"end":{"line":116,"column":4}},{"start":{"line":116,"column":4},"end":{"line":116,"column":4}}]},"11":{"line":121,"type":"if","locations":[{"start":{"line":121,"column":6},"end":{"line":121,"column":6}},{"start":{"line":121,"column":6},"end":{"line":121,"column":6}}]},"12":{"line":124,"type":"if","locations":[{"start":{"line":124,"column":8},"end":{"line":124,"column":8}},{"start":{"line":124,"column":8},"end":{"line":124,"column":8}}]},"13":{"line":135,"type":"binary-expr","locations":[{"start":{"line":135,"column":11},"end":{"line":135,"column":18}},{"start":{"line":135,"column":22},"end":{"line":135,"column":29}}]},"14":{"line":137,"type":"binary-expr","locations":[{"start":{"line":137,"column":11},"end":{"line":137,"column":18}},{"start":{"line":137,"column":22},"end":{"line":137,"column":24}}]}},"code":["/**"," * Statsd backend to work as a Node-Bell client."," *"," *   * Statsd: https://github.com/etsy/statsd"," *   * Node-bell: https://github.com/eleme/bell.js"," *"," * Optional configs:"," *"," *   bellHost, default: '0.0.0.0'"," *   bellPort, default: 2015"," *   bellIgnores, default: ['statsd.*']"," *   bellTimerDataFields, default: ['mean_90', 'count_ps']"," *"," * Metric types supported: `counter_rates` & `timer_data` & `gauge`"," */","","'use strict';","","var net = require('net');","var minimatch = require('minimatch');","var protocol = require('./lib/protocol');","","var config;","var debug;","var logger;","","// datapoints creator for each metric type","var makers = {","  'counter_rates': function (key, val, time) {","    return [['counter.' + key, [time, val]]];","  },","  'timer_data': function (key, stats, time) {","    var fields = config.bellTimerDataFields || ['mean_90', 'count_ps'];","    var datapoints = [];","","    for (var i = 0; i < fields.length; i++) {","      var field = fields[i];","      var name = ['timer', field, key].join('.');","      var val = stats[field];","      datapoints.push([name, [time, val]]);","    }","    return datapoints;","  },","  'gauges': function(key, val, time) {","    return [['gauge.' + key, [time, val]]];","  },","};","","/**"," * test if metric name matches our ignore patterns"," *"," * @param {String} key"," * @return {Boolean} // true for pass"," */","function match(key) {","  var ignores = config.bellIgnores || ['statsd.*'];","","  for (var i = 0; i < ignores.length; i++) {","    if (minimatch(key, ignores[i])) {","      return true;","    }","  }","  return false;","}","","function Bell() {}","","Bell.prototype.connect = function() {","  var self = this;","","  this.conn = net.connect({","    host: config.bellHost || '0.0.0.0',","    port: config.bellPort || 2015","  }, function(){","    if (debug) {","      logger.log('bell connected successfully');","    }","  })","  .on('error', function(err) {","    if (debug) {","      logger.log('bell connection error: ' + err.message);","      logger.log('closing socket connection');","    }","    self.conn.destroy();","    self.conn = undefined;","  });","","  return this;","};","","Bell.prototype.flush = function(time, data) {","  var list = [];","  var types = Object.keys(makers);","","  // collect datapoints","  for (var i = 0; i < types.length; i++) {","    var type = types[i];","    var dict = data[type];","","    for (var key in dict) {","      if (!match(key)) {","        var val = dict[key];","        var maker = makers[type];","        var datapoints = maker(key, val, time);","        Array.prototype.push.apply(list, datapoints);","      }","    }","  }","","  var length = list.length;","","  // send to bell if not empty","  if (length > 0) {","    var buffer = protocol.encode(list);","","    if (!this.conn) {","      this.connect();","    }","","    this.conn.write(buffer, 'utf8', function(){","      if (debug) {","        var message = 'sent to bell: ' + JSON.stringify(list[0]);","","        if (length > 1) {","          message += ', (' + (length - 1) + ' more..)';","        }","","        logger.log(message);","      }","    });","  }","};","","exports.init = function(uptime, _config, events, _logger) {","  logger = _logger || console;","  debug = _config.debug;","  config = _config || {};","  var bell = new Bell();","  events.on('flush', function(time, data) {","    bell.flush(time, data);","  });","  bell.connect();","  return true;","};",""],"l":{"19":1,"20":1,"21":1,"23":1,"24":1,"25":1,"28":1,"30":0,"33":0,"34":0,"36":0,"37":0,"38":0,"39":0,"40":0,"42":0,"45":0,"55":1,"56":0,"58":0,"59":0,"60":0,"63":0,"66":1,"68":1,"69":0,"71":0,"75":0,"76":0,"80":0,"81":0,"82":0,"84":0,"85":0,"88":0,"91":1,"92":0,"93":0,"96":0,"97":0,"98":0,"100":0,"101":0,"102":0,"103":0,"104":0,"105":0,"110":0,"113":0,"114":0,"116":0,"117":0,"120":0,"121":0,"122":0,"124":0,"125":0,"128":0,"134":1,"135":0,"136":0,"137":0,"138":0,"139":0,"140":0,"142":0,"143":0}},"/home/travis/build/npmtest/node-npmtest-bell.js/node_modules/bell.js/lib/protocol.js":{"path":"/home/travis/build/npmtest/node-npmtest-bell.js/node_modules/bell.js/lib/protocol.js","s":{"1":1,"2":0,"3":0,"4":0,"5":0,"6":1,"7":1,"8":0,"9":0,"10":0,"11":0,"12":0,"13":0,"14":0,"15":0,"16":0,"17":0,"18":0,"19":0,"20":0,"21":0,"22":0,"23":0,"24":0,"25":0,"26":0,"27":1},"b":{"1":[0,0],"2":[0,0]},"f":{"1":0,"2":0},"fnMap":{"1":{"name":"encode","line":34,"loc":{"start":{"line":34,"column":0},"end":{"line":34,"column":28}}},"2":{"name":"decode","line":54,"loc":{"start":{"line":54,"column":0},"end":{"line":54,"column":21}}}},"statementMap":{"1":{"start":{"line":34,"column":0},"end":{"line":39,"column":1}},"2":{"start":{"line":35,"column":2},"end":{"line":35,"column":39}},"3":{"start":{"line":36,"column":2},"end":{"line":36,"column":35}},"4":{"start":{"line":37,"column":2},"end":{"line":37,"column":46}},"5":{"start":{"line":38,"column":2},"end":{"line":38,"column":13}},"6":{"start":{"line":41,"column":0},"end":{"line":41,"column":24}},"7":{"start":{"line":54,"column":0},"end":{"line":106,"column":1}},"8":{"start":{"line":55,"column":2},"end":{"line":66,"column":17}},"9":{"start":{"line":68,"column":2},"end":{"line":95,"column":3}},"10":{"start":{"line":69,"column":4},"end":{"line":69,"column":39}},"11":{"start":{"line":71,"column":4},"end":{"line":74,"column":5}},"12":{"start":{"line":73,"column":6},"end":{"line":73,"column":12}},"13":{"start":{"line":77,"column":4},"end":{"line":77,"column":28}},"14":{"start":{"line":80,"column":4},"end":{"line":80,"column":18}},"15":{"start":{"line":83,"column":4},"end":{"line":83,"column":14}},"16":{"start":{"line":85,"column":4},"end":{"line":88,"column":5}},"17":{"start":{"line":87,"column":6},"end":{"line":87,"column":12}},"18":{"start":{"line":90,"column":4},"end":{"line":90,"column":27}},"19":{"start":{"line":91,"column":4},"end":{"line":91,"column":33}},"20":{"start":{"line":94,"column":4},"end":{"line":94,"column":10}},"21":{"start":{"line":97,"column":2},"end":{"line":97,"column":28}},"22":{"start":{"line":99,"column":2},"end":{"line":99,"column":18}},"23":{"start":{"line":101,"column":2},"end":{"line":104,"column":3}},"24":{"start":{"line":102,"column":4},"end":{"line":102,"column":34}},"25":{"start":{"line":103,"column":4},"end":{"line":103,"column":37}},"26":{"start":{"line":105,"column":2},"end":{"line":105,"column":34}},"27":{"start":{"line":108,"column":0},"end":{"line":108,"column":24}}},"branchMap":{"1":{"line":71,"type":"if","locations":[{"start":{"line":71,"column":4},"end":{"line":71,"column":4}},{"start":{"line":71,"column":4},"end":{"line":71,"column":4}}]},"2":{"line":85,"type":"if","locations":[{"start":{"line":85,"column":4},"end":{"line":85,"column":4}},{"start":{"line":85,"column":4},"end":{"line":85,"column":4}}]}},"code":["/**"," * @overview  Bell Net Protocol."," * @author    Chao Wang (hit9)"," * @copyright 2015 Eleme, Inc. All rights reserved."," *"," * Net protocol between sockets:"," *"," *   Packet := Block+"," *   Block  := Size '\\n' Data"," *   Size   := literal_integer"," *   Data   := literal_stringify_json"," *"," * Exports:"," *"," *   * encode   encode datapoints to buffer"," *   * decode   decode buffer to chunks of datapoints"," *"," * Actualy, this protocol can be used in any json data."," */","","'use strict';","","/**"," * Encode datapoints to buffer"," *"," * example"," *"," *   encode([['foo', [1412073046, 3.0]]])"," *   // => Buffer('24\\n[[\"foo\",[1412073046,3]]]')"," *"," * @param {Array} datapoints"," * @return {Buffer}"," */","function encode(datapoints) {","  var str = JSON.stringify(datapoints);","  var len = Buffer.byteLength(str);","  var buf = new Buffer([len, str].join('\\n'));","  return buf;","}","","exports.encode = encode;","","/**"," * Decode buffer to chunks of datapoints"," *"," * example"," *"," *   decode(new Buffer('24\\n[[\"foo\",[1412073046,3]]]'))"," *   // => [[[\"foo\",[1412073046,3]]],{\"type\":\"Buffer\",\"data\":[]}]"," *"," * @param {Buffer} buf"," * @return {Array}  // [datapoints, unfinished]"," */","function decode(buf) {  // jshint ignore: line","  var chunks = [],","      chunk,","      len = buf.length,","      p = 0, // to loop over buffer","      q = 0, // the index of first '\\n'","      n = 0, // the index of next chunk","      i = 0,","      size,","      t,","      data,","      unfinished,","      datapoints;","","  while (p < len) {","    q = [].indexOf.apply(buf, [10, p]);","","    if (q < 0) {","      // no '\\n' was found","      break;","    }","","    // data size infomation","    size = +buf.slice(p, q);","","    // skip '\\n'","    t = p = q + 1;  // jshint ignore: line","","    // p: move to end of data","    p += size;","","    if (p > len) {","      // exceeds length","      break;","    }","","    data = buf.slice(t, p);","    chunks.push(data.toString());","","    // record the index of next unit","    n = p;","  }","","  unfinished = buf.slice(n);","","  datapoints = [];","","  for (i = 0; i < chunks.length; i++) {","    chunk = JSON.parse(chunks[i]);","    [].push.apply(datapoints, chunk);","  }","  return [datapoints, unfinished];","}","","exports.decode = decode;",""],"l":{"34":1,"35":0,"36":0,"37":0,"38":0,"41":1,"54":1,"55":0,"68":0,"69":0,"71":0,"73":0,"77":0,"80":0,"83":0,"85":0,"87":0,"90":0,"91":0,"94":0,"97":0,"99":0,"101":0,"102":0,"103":0,"105":0,"108":1}},"/home/travis/build/npmtest/node-npmtest-bell.js/node_modules/bell.js/bell.js":{"path":"/home/travis/build/npmtest/node-npmtest-bell.js/node_modules/bell.js/bell.js","s":{"1":1,"2":1,"3":1,"4":1,"5":1,"6":1,"7":1,"8":1,"9":1,"10":1,"11":0,"12":1,"13":1,"14":1,"15":1,"16":1,"17":1,"18":1,"19":1,"20":1,"21":1},"b":{"1":[1,0],"2":[1,0]},"f":{"1":1,"2":0,"3":1},"fnMap":{"1":{"name":"(anonymous_1)","line":18,"loc":{"start":{"line":18,"column":3},"end":{"line":18,"column":16}}},"2":{"name":"(anonymous_2)","line":32,"loc":{"start":{"line":32,"column":10},"end":{"line":32,"column":22}}},"3":{"name":"(anonymous_3)","line":67,"loc":{"start":{"line":67,"column":9},"end":{"line":67,"column":23}}}},"statementMap":{"1":{"start":{"line":9,"column":0},"end":{"line":9,"column":25}},"2":{"start":{"line":10,"column":0},"end":{"line":10,"column":37}},"3":{"start":{"line":11,"column":0},"end":{"line":11,"column":39}},"4":{"start":{"line":12,"column":0},"end":{"line":12,"column":39}},"5":{"start":{"line":13,"column":0},"end":{"line":13,"column":33}},"6":{"start":{"line":14,"column":0},"end":{"line":14,"column":45}},"7":{"start":{"line":16,"column":0},"end":{"line":16,"column":45}},"8":{"start":{"line":18,"column":0},"end":{"line":69,"column":3}},"9":{"start":{"line":19,"column":2},"end":{"line":22,"column":14}},"10":{"start":{"line":27,"column":2},"end":{"line":33,"column":23}},"11":{"start":{"line":32,"column":24},"end":{"line":32,"column":52}},"12":{"start":{"line":35,"column":2},"end":{"line":35,"column":32}},"13":{"start":{"line":37,"column":2},"end":{"line":39,"column":3}},"14":{"start":{"line":38,"column":4},"end":{"line":38,"column":19}},"15":{"start":{"line":44,"column":2},"end":{"line":44,"column":31}},"16":{"start":{"line":49,"column":2},"end":{"line":49,"column":34}},"17":{"start":{"line":54,"column":2},"end":{"line":60,"column":17}},"18":{"start":{"line":62,"column":2},"end":{"line":64,"column":3}},"19":{"start":{"line":63,"column":4},"end":{"line":63,"column":19}},"20":{"start":{"line":66,"column":2},"end":{"line":66,"column":24}},"21":{"start":{"line":68,"column":2},"end":{"line":68,"column":23}}},"branchMap":{"1":{"line":37,"type":"if","locations":[{"start":{"line":37,"column":2},"end":{"line":37,"column":2}},{"start":{"line":37,"column":2},"end":{"line":37,"column":2}}]},"2":{"line":62,"type":"if","locations":[{"start":{"line":62,"column":2},"end":{"line":62,"column":2}},{"start":{"line":62,"column":2},"end":{"line":62,"column":2}}]}},"code":["/**"," * @overview  Real-time anomalies detection for periodic time series."," * @author    Chao Wang (hit9)"," * @copyright 2015 Eleme, Inc. All rights reserved."," */","","'use strict';","","const co = require('co');","const program = require('commander');","const config = require('./lib/config');","const errors = require('./lib/errors');","const log = require('./lib/log');","const version = require('./package').version;","","global.Promise = require('bluebird').Promise;","","co(function *() {","  var configsPath,","      configsContent,","      serviceName,","      service;","","  //----------------------------------------------------","  // Parse command line arguments","  //----------------------------------------------------","  program","  .version(version)","  .usage('<service> [options]')","  .option('-c, --config-path <c>', 'config file path [optional]')","  .option('-l, --log-level <l>', 'log level (e.g. debug, info..)',","          function(l) { return log[l.toUpperCase()]; }, log.INFO)","  .parse(process.argv);","","  serviceName = program.args[0];","","  if (!serviceName) {","    program.help();","  }","","  //----------------------------------------------------","  // Initialize logging","  //----------------------------------------------------","  log.level = program.logLevel;","","  //----------------------------------------------------","  // Read configs","  //----------------------------------------------------","  config.init(program.configPath);","","  //----------------------------------------------------","  // Start service","  //----------------------------------------------------","  service = {","    listener: require('./lib/listener'),","    analyzer: require('./lib/analyzer'),","    webapp:   require('./lib/webapp'),","    alerter:  require('./lib/alerter'),","    cleaner:  require('./lib/cleaner')","  }[serviceName];","","  if (!service) {","    program.help();","  }","","  yield service.serve();","}).catch(function(err) {","  errors.dispatch(err);","});",""],"l":{"9":1,"10":1,"11":1,"12":1,"13":1,"14":1,"16":1,"18":1,"19":1,"27":1,"32":0,"35":1,"37":1,"38":1,"44":1,"49":1,"54":1,"62":1,"63":1,"66":1,"68":1}},"/home/travis/build/npmtest/node-npmtest-bell.js/node_modules/bell.js/lib/config.js":{"path":"/home/travis/build/npmtest/node-npmtest-bell.js/node_modules/bell.js/lib/config.js","s":{"1":1,"2":1,"3":1,"4":1,"5":1,"6":1,"7":1,"8":1,"9":0,"10":0,"11":0,"12":0,"13":0,"14":0,"15":1,"16":1,"17":0,"18":0,"19":0,"20":0,"21":0,"22":1},"b":{"1":[0,1],"2":[0,0],"3":[0,0]},"f":{"1":1,"2":0,"3":0},"fnMap":{"1":{"name":"(anonymous_1)","line":80,"loc":{"start":{"line":80,"column":14},"end":{"line":80,"column":29}}},"2":{"name":"(anonymous_2)","line":87,"loc":{"start":{"line":87,"column":37},"end":{"line":87,"column":48}}},"3":{"name":"(anonymous_3)","line":99,"loc":{"start":{"line":99,"column":16},"end":{"line":99,"column":27}}}},"statementMap":{"1":{"start":{"line":9,"column":0},"end":{"line":9,"column":33}},"2":{"start":{"line":10,"column":0},"end":{"line":10,"column":33}},"3":{"start":{"line":11,"column":0},"end":{"line":11,"column":25}},"4":{"start":{"line":12,"column":0},"end":{"line":12,"column":29}},"5":{"start":{"line":13,"column":0},"end":{"line":13,"column":31}},"6":{"start":{"line":15,"column":0},"end":{"line":73,"column":2}},"7":{"start":{"line":80,"column":0},"end":{"line":94,"column":2}},"8":{"start":{"line":81,"column":2},"end":{"line":93,"column":3}},"9":{"start":{"line":82,"column":4},"end":{"line":83,"column":26}},"10":{"start":{"line":83,"column":6},"end":{"line":83,"column":26}},"11":{"start":{"line":85,"column":4},"end":{"line":85,"column":20}},"12":{"start":{"line":87,"column":4},"end":{"line":90,"column":7}},"13":{"start":{"line":88,"column":6},"end":{"line":89,"column":24}},"14":{"start":{"line":89,"column":8},"end":{"line":89,"column":24}},"15":{"start":{"line":92,"column":4},"end":{"line":92,"column":39}},"16":{"start":{"line":99,"column":0},"end":{"line":105,"column":2}},"17":{"start":{"line":100,"column":2},"end":{"line":100,"column":23}},"18":{"start":{"line":101,"column":2},"end":{"line":101,"column":53}},"19":{"start":{"line":102,"column":2},"end":{"line":102,"column":51}},"20":{"start":{"line":103,"column":2},"end":{"line":103,"column":41}},"21":{"start":{"line":104,"column":2},"end":{"line":104,"column":32}},"22":{"start":{"line":107,"column":0},"end":{"line":107,"column":43}}},"branchMap":{"1":{"line":81,"type":"if","locations":[{"start":{"line":81,"column":2},"end":{"line":81,"column":2}},{"start":{"line":81,"column":2},"end":{"line":81,"column":2}}]},"2":{"line":82,"type":"if","locations":[{"start":{"line":82,"column":4},"end":{"line":82,"column":4}},{"start":{"line":82,"column":4},"end":{"line":82,"column":4}}]},"3":{"line":88,"type":"if","locations":[{"start":{"line":88,"column":6},"end":{"line":88,"column":6}},{"start":{"line":88,"column":6},"end":{"line":88,"column":6}}]}},"code":["/**"," * @overview  Runtime configurations with default values."," * @author    Chao Wang (hit9)"," * @copyright 2015 Eleme, Inc. All rights reserved."," */","","'use strict';","","const assert = require('assert');","const events = require('events');","const fs = require('fs');","const log = require('./log');","const util = require('./util');","","const config  = module.exports = {","  interval: 10,","  autoReload: true,","","  beanstalkd: {","    host: '0.0.0.0',","    port: 11300,","    tube: 'bell'","  },","","  ssdb: {","    host: '0.0.0.0',","    port: 8888,","    auth: null,","    size: 6,","    prefix: 'bell.'","  },","","  sqlite: {","    file: 'bell.db',","  },","","  listener: {","    port: 2015,","    whitelist: ['*'],","    blacklist: ['statsd.*'],","  },","","  analyzer: {","    workers: 4,","    strict: true,","    startSize: 50,","    periodicity: 24*3600,","    expiration: 5*24*3600,","    filterOffset: 0.01,","    trendingFactor: 0.1,","    fillBlankCounters: false,","    fillBlankTimers: false,","  },","","  webapp: {","    port: 2016,","    workers: 2,","    root: null,","    auth: {name: 'admin', pass: 'admin'},","  },","","  cleaner: {","    interval: 10*60,","    threshold: 2*24*3600,","  },","","  alerter: {","    host: '0.0.0.0',","    port: 2017,","    sender: null,","    interval: 20*60,","  }","};","","/**"," * Init config with config file path."," *"," * @param {String} file"," */","config.init = function(file) {","  if (file) {","    if (!config._file)","      config._file = file;","","    config.reload();","","    util.fileOnChanges(config._file, function() {","      if (config.autoReload)","        config.reload();","    });","  } else {","    log.warn(\"using default config..\");","  }","};","","/**"," * Reload config file."," */","config.reload = function() {","  assert(config._file);","  log.info(\"reading config from %s..\", config._file);","  var conf = util.loadObjectFromPath(config._file);","  util.updateNestedObjects(config, conf);","  config.emitter.emit('reload');","};","","config.emitter = new events.EventEmitter();",""],"l":{"9":1,"10":1,"11":1,"12":1,"13":1,"15":1,"80":1,"81":1,"82":0,"83":0,"85":0,"87":0,"88":0,"89":0,"92":1,"99":1,"100":0,"101":0,"102":0,"103":0,"104":0,"107":1}},"/home/travis/build/npmtest/node-npmtest-bell.js/node_modules/bell.js/lib/log.js":{"path":"/home/travis/build/npmtest/node-npmtest-bell.js/node_modules/bell.js/lib/log.js","s":{"1":1,"2":1,"3":1,"4":1,"5":1,"6":1,"7":1,"8":0,"9":0,"10":1,"11":0,"12":0,"13":1},"b":{"1":[1,0]},"f":{"1":1,"2":0,"3":0,"4":1,"5":0,"6":0},"fnMap":{"1":{"name":"log","line":19,"loc":{"start":{"line":19,"column":0},"end":{"line":19,"column":30}}},"2":{"name":"(anonymous_2)","line":28,"loc":{"start":{"line":28,"column":9},"end":{"line":28,"column":20}}},"3":{"name":"(anonymous_3)","line":29,"loc":{"start":{"line":29,"column":9},"end":{"line":29,"column":20}}},"4":{"name":"(anonymous_4)","line":30,"loc":{"start":{"line":30,"column":9},"end":{"line":30,"column":20}}},"5":{"name":"(anonymous_5)","line":31,"loc":{"start":{"line":31,"column":9},"end":{"line":31,"column":20}}},"6":{"name":"(anonymous_6)","line":32,"loc":{"start":{"line":32,"column":9},"end":{"line":32,"column":20}}}},"statementMap":{"1":{"start":{"line":9,"column":0},"end":{"line":9,"column":31}},"2":{"start":{"line":11,"column":0},"end":{"line":17,"column":2}},"3":{"start":{"line":19,"column":0},"end":{"line":24,"column":1}},"4":{"start":{"line":20,"column":2},"end":{"line":23,"column":3}},"5":{"start":{"line":21,"column":4},"end":{"line":21,"column":44}},"6":{"start":{"line":22,"column":4},"end":{"line":22,"column":64}},"7":{"start":{"line":26,"column":0},"end":{"line":33,"column":2}},"8":{"start":{"line":28,"column":22},"end":{"line":28,"column":46}},"9":{"start":{"line":29,"column":22},"end":{"line":29,"column":45}},"10":{"start":{"line":30,"column":22},"end":{"line":30,"column":45}},"11"
[...]
art":{"line":75,"column":6},"end":{"line":75,"column":6}}]},"5":{"line":75,"type":"binary-expr","locations":[{"start":{"line":75,"column":10},"end":{"line":75,"column":31}},{"start":{"line":76,"column":11},"end":{"line":76,"column":74}}]},"6":{"line":79,"type":"if","locations":[{"start":{"line":79,"column":14},"end":{"line":79,"column":14}},{"start":{"line":79,"column":14},"end":{"line":79,"column":14}}]},"7":{"line":79,"type":"binary-expr","locations":[{"start":{"line":79,"column":18},"end":{"line":79,"column":39}},{"start":{"line":79,"column":43},"end":{"line":79,"column":63}}]},"8":{"line":81,"type":"if","locations":[{"start":{"line":81,"column":14},"end":{"line":81,"column":14}},{"start":{"line":81,"column":14},"end":{"line":81,"column":14}}]},"9":{"line":81,"type":"binary-expr","locations":[{"start":{"line":81,"column":18},"end":{"line":81,"column":37}},{"start":{"line":81,"column":41},"end":{"line":81,"column":61}}]},"10":{"line":84,"type":"if","locations":[{"start":{"line":84,"column":12},"end":{"line":84,"column":12}},{"start":{"line":84,"column":12},"end":{"line":84,"column":12}}]},"11":{"line":100,"type":"if","locations":[{"start":{"line":100,"column":2},"end":{"line":100,"column":2}},{"start":{"line":100,"column":2},"end":{"line":100,"column":2}}]},"12":{"line":102,"type":"if","locations":[{"start":{"line":102,"column":2},"end":{"line":102,"column":2}},{"start":{"line":102,"column":2},"end":{"line":102,"column":2}}]},"13":{"line":102,"type":"binary-expr","locations":[{"start":{"line":102,"column":9},"end":{"line":102,"column":16}},{"start":{"line":102,"column":21},"end":{"line":102,"column":36}},{"start":{"line":102,"column":43},"end":{"line":102,"column":52}},{"start":{"line":102,"column":57},"end":{"line":102,"column":73}}]},"14":{"line":104,"type":"if","locations":[{"start":{"line":104,"column":2},"end":{"line":104,"column":2}},{"start":{"line":104,"column":2},"end":{"line":104,"column":2}}]},"15":{"line":104,"type":"binary-expr","locations":[{"start":{"line":104,"column":7},"end":{"line":104,"column":22}},{"start":{"line":104,"column":28},"end":{"line":104,"column":45}},{"start":{"line":104,"column":51},"end":{"line":104,"column":72}}]},"16":{"line":106,"type":"if","locations":[{"start":{"line":106,"column":2},"end":{"line":106,"column":2}},{"start":{"line":106,"column":2},"end":{"line":106,"column":2}}]},"17":{"line":106,"type":"binary-expr","locations":[{"start":{"line":106,"column":7},"end":{"line":106,"column":23}},{"start":{"line":106,"column":29},"end":{"line":106,"column":46}},{"start":{"line":106,"column":52},"end":{"line":106,"column":73}}]}},"code":["/**"," * @overview  Bell alerter service."," * @author    Chao Wang (hit9)"," * @copyright 2015 Eleme, Inc. All rights reserved."," */","","// jshint -W124","","'use strict';","","const minimatch = require('minimatch');","const config = require('./config');","const crons = require('./crons');","const log = require('./log');","const models = require('./models');","const service = require('./service');","const util = require('./util');","","function Alerter() {}","util.inherits(Alerter, service);","","/**"," * Serve entry."," */","Alerter.prototype.serve = function *() {","  var self = this;","  this.stats = {};  // {name: stamp}","  this.loadSender();","  // reload sender on config reloading","  config.emitter.on('reload', function() {","    if (self.sender)","      delete require.cache[require.resolve(config.alerter.sender)];","    self.loadSender();","  });","  this.createSequelize();","  models.register(this.sequelize);","  crons.register(this);","  this.createSocketServer(config.alerter.port, function(item) {","    self.send({","      name: item[0][0],","      stamp: item[0][1][0],","      value: item[0][1][1],","      trend: item[1],","      mean: item[2],","    });","  });","  yield this.sequelize.sync();","  crons.syncProjectsOnDBFileChanges();","};","","Alerter.prototype.loadSender = function() {","  if (config.alerter.sender) {","    log.info(\"load sender from %s\", config.alerter.sender);","    this.sender = require(config.alerter.sender);","  } else {","    log.warn(\"no sender module configured\");","  }","};","","/**"," * Send alerting message on anomaly detected."," * @param {Object} data"," */","Alerter.prototype.send = function(data) {","  var projects = crons.ctx.projects;","  var project, rule, receiver, i, j, k;","","  if (!this.stats[data.name])","    this.stats[data.name] = 0;","","  for (i = 0; i < projects.length; i++) {","    project = projects[i];","    for (j = 0; j < project.rules.length; j++) {","      rule = project.rules[j];","      if (this.test(data, rule) &&","          ((data.stamp - this.stats[data.name]) >= config.alerter.interval)) {","            for (k = 0; k < project.receivers.length; k++) {","              receiver = project.receivers[k];","              if (this.sender.sendEmail && receiver.enableEmail)","                this.sender.sendEmail(receiver, project, data, log);","              if (this.sender.sendSms && receiver.enablePhone)","                this.sender.sendSms(receiver, project, data, log);","            }","            if (this.sender.sendCallback) {","              this.sender.sendCallback(project, data, log);","            }","          this.stats[data.name] = data.stamp;","          }","    }","  }","};","","/**"," * Test anomaly detection item against rule"," * @param {Array} data"," * @param {Rule} rule"," * @return {Boolean}"," */","Alerter.prototype.test = function(data, rule) {","  if (!minimatch(data.name, rule.pattern))","    return false;","  if (!((rule.up && (data.trend >= 1)) || (rule.down && (data.trend <= -1))))","    return false;","  if ((data.trend >= 1) && (rule.min !== null) && (rule.min > data.value))","    return false;","  if ((data.trend <= -1) && (rule.max !== null) && (rule.max < data.value))","    return false;","  return true;","};","","module.exports = new Alerter();",""],"l":{"11":1,"12":1,"13":1,"14":1,"15":1,"16":1,"17":1,"19":1,"20":1,"25":1,"26":0,"27":0,"28":0,"30":0,"31":0,"32":0,"33":0,"35":0,"36":0,"37":0,"38":0,"39":0,"47":0,"48":0,"51":1,"52":0,"53":0,"54":0,"56":0,"64":1,"65":0,"66":0,"68":0,"69":0,"71":0,"72":0,"73":0,"74":0,"75":0,"77":0,"78":0,"79":0,"80":0,"81":0,"82":0,"84":0,"85":0,"87":0,"99":1,"100":0,"101":0,"102":0,"103":0,"104":0,"105":0,"106":0,"107":0,"108":0,"111":1}},"/home/travis/build/npmtest/node-npmtest-bell.js/node_modules/bell.js/lib/cleaner.js":{"path":"/home/travis/build/npmtest/node-npmtest-bell.js/node_modules/bell.js/lib/cleaner.js","s":{"1":1,"2":1,"3":1,"4":1,"5":1,"6":1,"7":1,"8":1,"9":0,"10":0,"11":0,"12":0,"13":0,"14":0,"15":0,"16":0,"17":0,"18":0,"19":0,"20":0,"21":0,"22":0,"23":0,"24":0,"25":1,"26":0,"27":0,"28":0,"29":0,"30":0,"31":0,"32":1},"b":{"1":[0,0],"2":[0,0]},"f":{"1":1,"2":0,"3":0,"4":0},"fnMap":{"1":{"name":"Cleaner","line":18,"loc":{"start":{"line":18,"column":0},"end":{"line":18,"column":19}}},"2":{"name":"(anonymous_2)","line":26,"loc":{"start":{"line":26,"column":26},"end":{"line":26,"column":39}}},"3":{"name":"(anonymous_3)","line":72,"loc":{"start":{"line":72,"column":26},"end":{"line":72,"column":39}}},"4":{"name":"(anonymous_4)","line":83,"loc":{"start":{"line":83,"column":22},"end":{"line":83,"column":35}}}},"statementMap":{"1":{"start":{"line":9,"column":0},"end":{"line":9,"column":25}},"2":{"start":{"line":10,"column":0},"end":{"line":10,"column":35}},"3":{"start":{"line":11,"column":0},"end":{"line":11,"column":29}},"4":{"start":{"line":12,"column":0},"end":{"line":12,"column":37}},"5":{"start":{"line":13,"column":0},"end":{"line":13,"column":31}},"6":{"start":{"line":18,"column":0},"end":{"line":18,"column":21}},"7":{"start":{"line":19,"column":0},"end":{"line":19,"column":32}},"8":{"start":{"line":26,"column":0},"end":{"line":70,"column":2}},"9":{"start":{"line":27,"column":2},"end":{"line":33,"column":30}},"10":{"start":{"line":38,"column":2},"end":{"line":40,"column":3}},"11":{"start":{"line":39,"column":4},"end":{"line":39,"column":49}},"12":{"start":{"line":42,"column":2},"end":{"line":47,"column":3}},"13":{"start":{"line":43,"column":4},"end":{"line":46,"column":5}},"14":{"start":{"line":44,"column":6},"end":{"line":44,"column":21}},"15":{"start":{"line":45,"column":6},"end":{"line":45,"column":65}},"16":{"start":{"line":52,"column":2},"end":{"line":54,"column":3}},"17":{"start":{"line":53,"column":4},"end":{"line":53,"column":11}},"18":{"start":{"line":56,"column":2},"end":{"line":56,"column":20}},"19":{"start":{"line":58,"column":2},"end":{"line":60,"column":3}},"20":{"start":{"line":59,"column":4},"end":{"line":59,"column":23}},"21":{"start":{"line":63,"column":2},"end":{"line":63,"column":64}},"22":{"start":{"line":65,"column":2},"end":{"line":67,"column":3}},"23":{"start":{"line":66,"column":4},"end":{"line":66,"column":51}},"24":{"start":{"line":69,"column":2},"end":{"line":69,"column":13}},"25":{"start":{"line":72,"column":0},"end":{"line":86,"column":2}},"26":{"start":{"line":73,"column":2},"end":{"line":73,"column":18}},"27":{"start":{"line":75,"column":2},"end":{"line":75,"column":24}},"28":{"start":{"line":77,"column":2},"end":{"line":78,"column":62}},"29":{"start":{"line":81,"column":2},"end":{"line":81,"column":21}},"30":{"start":{"line":83,"column":2},"end":{"line":85,"column":37}},"31":{"start":{"line":84,"column":4},"end":{"line":84,"column":23}},"32":{"start":{"line":88,"column":0},"end":{"line":88,"column":31}}},"branchMap":{"1":{"line":43,"type":"if","locations":[{"start":{"line":43,"column":4},"end":{"line":43,"column":4}},{"start":{"line":43,"column":4},"end":{"line":43,"column":4}}]},"2":{"line":52,"type":"if","locations":[{"start":{"line":52,"column":2},"end":{"line":52,"column":2}},{"start":{"line":52,"column":2},"end":{"line":52,"column":2}}]}},"code":["/**"," * @overview  Bell cleaner service."," * @author    Chao Wang (hit9)"," * @copyright 2015 Eleme, Inc. All rights reserved."," */","","'use strict';","","const co = require('co');","const config = require('./config');","const log = require('./log');","const service = require('./service');","const util = require('./util');","","/**"," * Service cleaner."," */","function Cleaner() {}","util.inherits(Cleaner, service);","","/**"," * Clean dead metrics, this function will check the last"," * time of a metric hit bell, if the age exceeds threshold,"," * clean it."," */","Cleaner.prototype.clean = function *() {","  var hash = config.ssdb.prefix + 'trend',","      threshold = config.cleaner.threshold,","      list = yield this.ssdb.acquire().hgetall(hash),","      dict = {},","      i,","      keys = [],","      now = +new Date() / 1e3;","","  //----------------------------------------------------","  // Collect names to delete","  //----------------------------------------------------","  for (i = 0; i < list.length; i += 2) {","    dict[list[i]] = +(list[i + 1].split(':')[1]);","  }","","  for (var key in dict) {","    if ((now - dict[key] > threshold)) {","      keys.push(key);","      log.info(\"clean target: %s (%ds)..\", key, now - dict[key]);","    }","  }","","  //----------------------------------------------------","  // Delete in ssdb","  //----------------------------------------------------","  if (keys.length === 0) {","    return;","  }","","  var args = [hash];","","  for (i = 0; i < keys.length; i++) {","    args.push(keys[i]);","  }","","  // build delete reqs","  var reqs = [this.ssdb.acquire().multi_hdel.apply(null, args)];","","  for (i = 0; i < keys.length; i++) {","    reqs.push(this.ssdb.acquire().zclear(keys[i]));","  }","","  yield reqs;","};","","Cleaner.prototype.serve = function *() {","  var self = this;","","  this.createSsdbPool();","","  log.info(\"cleaner started, interval: %ds, threshold: %ds\",","           config.cleaner.interval, config.cleaner.threshold);","","  // clean on startup","  yield this.clean();","","  setInterval(co.wrap(function *() {","    yield self.clean();","  }), config.cleaner.interval * 1e3);","};","","module.exports = new Cleaner();",""],"l":{"9":1,"10":1,"11":1,"12":1,"13":1,"18":1,"19":1,"26":1,"27":0,"38":0,"39":0,"42":0,"43":0,"44":0,"45":0,"52":0,"53":0,"56":0,"58":0,"59":0,"63":0,"65":0,"66":0,"69":0,"72":1,"73":0,"75":0,"77":0,"81":0,"83":0,"84":0,"88":1}},"/home/travis/build/npmtest/node-npmtest-bell.js/node_modules/bell.js/exampleSender.js":{"path":"/home/travis/build/npmtest/node-npmtest-bell.js/node_modules/bell.js/exampleSender.js","s":{"1":1,"2":1,"3":0,"4":0,"5":0,"6":0,"7":0,"8":0,"9":1},"b":{},"f":{"1":0,"2":0},"fnMap":{"1":{"name":"(anonymous_1)","line":13,"loc":{"start":{"line":13,"column":20},"end":{"line":13,"column":59}}},"2":{"name":"(anonymous_2)","line":23,"loc":{"start":{"line":23,"column":18},"end":{"line":23,"column":57}}}},"statementMap":{"1":{"start":{"line":5,"column":0},"end":{"line":5,"column":29}},"2":{"start":{"line":13,"column":0},"end":{"line":21,"column":2}},"3":{"start":{"line":14,"column":2},"end":{"line":14,"column":29}},"4":{"start":{"line":15,"column":2},"end":{"line":15,"column":33}},"5":{"start":{"line":16,"column":2},"end":{"line":16,"column":68}},"6":{"start":{"line":17,"column":2},"end":{"line":17,"column":36}},"7":{"start":{"line":18,"column":2},"end":{"line":18,"column":36}},"8":{"start":{"line":19,"column":2},"end":{"line":19,"column":34}},"9":{"start":{"line":23,"column":0},"end":{"line":25,"column":2}}},"branchMap":{},"code":["/**"," * Bell alerter sender example."," */","","const util = require('util');","","/**"," * @param {Object} receiver"," * @param {Object} project"," * @param {Object} data"," * @param {Logger} log"," */","exports.sendEmail = function(receiver, project, data, log) {","  var email = receievr.email;","  var projectName = project.name;","  var date = new Date(data.stamp * 1000).toTimeString().slice(0, 8);","  var value = data.value.toFixed(2);","  var trend = data.trend.toFixed(2);","  var mean = data.mean.toFixed(2);","  // format message and send email","};","","exports.sendSms = function(receiver, project, data, log) {","  // similar with `sendEmail`","};",""],"l":{"5":1,"13":1,"14":0,"15":0,"16":0,"17":0,"18":0,"19":0,"23":1}},"/home/travis/build/npmtest/node-npmtest-bell.js/node_modules/bell.js/gulpfile.js":{"path":"/home/travis/build/npmtest/node-npmtest-bell.js/node_modules/bell.js/gulpfile.js","s":{"1":2,"2":0,"3":0,"4":0,"5":0,"6":0,"7":0,"8":0,"9":0,"10":0,"11":0,"12":0,"13":0,"14":0,"15":0,"16":0,"17":0},"b":{},"f":{"1":0,"2":0,"3":0},"fnMap":{"1":{"name":"(anonymous_1)","line":11,"loc":{"start":{"line":11,"column":19},"end":{"line":11,"column":30}}},"2":{"name":"(anonymous_2)","line":16,"loc":{"start":{"line":16,"column":17},"end":{"line":16,"column":28}}},"3":{"name":"(anonymous_3)","line":30,"loc":{"start":{"line":30,"column":16},"end":{"line":30,"column":27}}}},"statementMap":{"1":{"start":{"line":1,"column":0},"end":{"line":1,"column":29}},"2":{"start":{"line":2,"column":0},"end":{"line":2,"column":35}},"3":{"start":{"line":3,"column":0},"end":{"line":3,"column":38}},"4":{"start":{"line":4,"column":0},"end":{"line":4,"column":27}},"5":{"start":{"line":5,"column":0},"end":{"line":5,"column":36}},"6":{"start":{"line":6,"column":0},"end":{"line":6,"column":34}},"7":{"start":{"line":7,"column":0},"end":{"line":7,"column":42}},"8":{"start":{"line":8,"column":0},"end":{"line":8,"column":38}},"9":{"start":{"line":11,"column":0},"end":{"line":13,"column":3}},"10":{"start":{"line":12,"column":2},"end":{"line":12,"column":42}},"11":{"start":{"line":16,"column":0},"end":{"line":27,"column":3}},"12":{"start":{"line":17,"column":2},"end":{"line":20,"column":4}},"13":{"start":{"line":21,"column":2},"end":{"line":26,"column":35}},"14":{"start":{"line":30,"column":0},"end":{"line":48,"column":3}},"15":{"start":{"line":31,"column":2},"end":{"line":41,"column":4}},"16":{"start":{"line":42,"column":2},"end":{"line":47,"column":34}},"17":{"start":{"line":50,"column":0},"end":{"line":50,"column":36}}},"branchMap":{},"code":["const gulp = require('gulp');","const argv = require('yargs').argv;","const concat = require('gulp-concat');","const del = require('del');","const debug = require('gulp-debug');","const gulpif = require('gulp-if');","const minify = require('gulp-minify-css');","const uglify = require('gulp-uglify');","","// Clean build","gulp.task('clean', function() {","  return del(['static/css', 'static/js']);","});","","// Minify css","gulp.task('css', function() {","  var files = [","    'node_modules/bootswatch/simplex/bootstrap.css',","    'static/src/css/*.css',","  ];","  return gulp.src(files)","    .pipe(debug({title: 'Css:'}))","    .pipe(minify())","    .pipe(concat('all.min.css'))","    .pipe(debug({title: 'Css minified:'}))","    .pipe(gulp.dest('static/css'));","});","","// Minify js","gulp.task('js', function() {","  var files = [","    'node_modules/jquery/dist/jquery.js',","    'node_modules/bootstrap/dist/js/bootstrap.js',","    'node_modules/d3/d3.js',","    'node_modules/cubism/cubism.v1.js',","    'node_modules/nunjucks/browser/nunjucks.js',","    'static/src/js/app.js',","    'static/src/js/util.js',","    'static/src/js/handlers/*.js',","    'static/src/js/controllers/*.js',","  ];","  return gulp.src(files)","    .pipe(debug({title: 'Js:'}))","    .pipe(gulpif(!argv.dev, uglify()))","    .pipe(concat('all.min.js'))","    .pipe(debug({title: 'Js minified:'}))","    .pipe(gulp.dest('static/js'));","});","","gulp.task('default', ['css', 'js']);",""],"l":{"1":2,"2":0,"3":0,"4":0,"5":0,"6":0,"7":0,"8":0,"11":0,"12":0,"16":0,"17":0,"21":0,"30":0,"31":0,"42":0,"50":0}},"/home/travis/build/npmtest/node-npmtest-bell.js/node_modules/bell.js/static/src/js/app.js":{"path":"/home/travis/build/npmtest/node-npmtest-bell.js/node_modules/bell.js/static/src/js/app.js","s":{"1":1,"2":1,"3":1,"4":1,"5":0,"6":0,"7":0,"8":1,"9":0,"10":0,"11":0},"b":{"1":[0,0],"2":[0,0]},"f":{"1":1,"2":0,"3":0},"fnMap":{"1":{"name":"(anonymous_1)","line":7,"loc":{"start":{"line":7,"column":1},"end":{"line":7,"column":12}}},"2":{"name":"(anonymous_2)","line":11,"loc":{"start":{"line":11,"column":16},"end":{"line":11,"column":41}}},"3":{"name":"(anonymous_3)","line":17,"loc":{"start":{"line":17,"column":19},"end":{"line":17,"column":44}}}},"statementMap":{"1":{"start":{"line":7,"column":0},"end":{"line":22,"column":9}},"2":{"start":{"line":8,"column":2},"end":{"line":8,"column":16}},"3":{"start":{"line":9,"column":2},"end":{"line":9,"column":16}},"4":{"start":{"line":11,"column":2},"end":{"line":15,"column":4}},"5":{"start":{"line":12,"column":4},"end":{"line":12,"column":38}},"6":{"start":{"line":13,"column":4},"end":{"line":13,"column":28}},"7":{"start":{"line":14,"column":4},"end":{"line":14,"column":43}},"8":{"start":{"line":17,"column":2},"end":{"line":21,"column":4}},"9":{"start":{"line":18,"column":4},"end":{"line":18,"column":44}},"10":{"start":{"line":19,"column":4},"end":{"line":19,"column":31}},"11":{"start":{"line":20,"column":4},"end":{"line":20,"column":60}}},"branchMap":{"1":{"line":12,"type":"binary-expr","locations":[{"start":{"line":12,"column":19},"end":{"line":12,"column":31}},{"start":{"line":12,"column":35},"end":{"line":12,"column":37}}]},"2":{"line":18,"type":"binary-expr","locations":[{"start":{"line":18,"column":22},"end":{"line":18,"column":37}},{"start":{"line":18,"column":41},"end":{"line":18,"column":43}}]}},"code":["/**"," * @overview  Global app instance."," * @author    Chao Wang (hit9)"," * @copyright 2015 Eleme, Inc. All rights reserved."," */","","(function() {","  this.app = {};","  app.util = {};","","  app.handler = function(name, register) {","    app.handlers = app.handlers || {};","    app.handlers[name] = {};","    register(app.handlers[name], app.util);","  };","","  app.controller = function(name, register) {","    app.controllers = app.controllers || {};","    app.controllers[name] = {};","    register(app.controllers[name], app.handlers, app.util);","  };","})(this);",""],"l":{"7":1,"8":1,"9":1,"11":1,"12":0,"13":0,"14":0,"17":1,"18":0,"19":0,"20":0}}}